2026-07-15 11:50:15,362 - ============================================================
2026-07-15 11:50:15,362 - Barkley Tracker 啟動
2026-07-15 11:50:15,362 - Log 檔案：logs\barkley_20260715_115015.log
2026-07-15 11:50:15,363 - ============================================================
2026-07-15 11:50:23,177 - YOLO pose 模型：成功載入 OpenVINO 格式（優先使用 GPU，由環境變數控制）
2026-07-15 11:50:23,263 - 書籍分類 - OpenVINO 可用裝置: ['CPU', 'GPU']
2026-07-15 11:50:23,270 - 書籍分類 - 設定裝置: CPU
2026-07-15 11:50:23,327 - 書籍分類模型：✓ CPU 編譯成功，使用 CPU
2026-07-15 11:50:23,721 - 幀採樣間隔: 1.0 秒
2026-07-15 11:50:23,722 - YOLO pose ROI 初始位置: (624, 204)
2026-07-15 11:50:23,737 - YOLO - OpenVINO 可用裝置: ['CPU', 'GPU']
2026-07-15 11:50:23,737 - YOLO - 設定裝置: GPU
2026-07-15 11:50:27,731 - YOLO - ✓ GPU.0 編譯成功，推論使用 Intel GPU (Iris Xe)
2026-07-15 11:50:30,497 - Pose: 1 persons | Book: no_book: 0.9920, book_1: 0.0023, book_2: 0.0018, book_3: 0.0039 | Sitting: P0:sitting
2026-07-15 11:50:31,780 - Pose: 1 persons | Book: no_book: 0.9949, book_1: 0.0013, book_2: 0.0009, book_3: 0.0028 | Sitting: P0:sitting
2026-07-15 11:50:33,391 - Pose: 1 persons | Book: no_book: 0.9937, book_1: 0.0019, book_2: 0.0013, book_3: 0.0031 | Sitting: P0:not_sitting
2026-07-15 11:50:35,259 - Pose: 1 persons | Book: no_book: 0.9930, book_1: 0.0020, book_2: 0.0013, book_3: 0.0037 | Sitting: P0:not_sitting
2026-07-15 11:50:36,504 - Pose: 1 persons | Book: no_book: 0.9954, book_1: 0.0013, book_2: 0.0009, book_3: 0.0024 | Sitting: P0:sitting
2026-07-15 11:50:36,705 - Pose: 1 persons | Book: no_book: 0.9921, book_1: 0.0019, book_2: 0.0015, book_3: 0.0044 | Sitting: P0:not_sitting
2026-07-15 11:50:37,690 - Pose: 1 persons | Book: no_book: 0.9906, book_1: 0.0025, book_2: 0.0018, book_3: 0.0051 | Sitting: P0:sitting
2026-07-15 11:50:38,690 - Pose: 1 persons | Book: no_book: 0.9929, book_1: 0.0020, book_2: 0.0014, book_3: 0.0037 | Sitting: P0:sitting
2026-07-15 11:50:39,715 - Pose: 1 persons | Book: no_book: 0.9948, book_1: 0.0013, book_2: 0.0010, book_3: 0.0030 | Sitting: P0:sitting
2026-07-15 11:50:40,721 - Pose: 2 persons | Book: no_book: 0.9956, book_1: 0.0012, book_2: 0.0009, book_3: 0.0023 | Sitting: P0:not_sitting, P1:not_sitting
2026-07-15 11:50:41,747 - Pose: 1 persons | Book: no_book: 0.9880, book_1: 0.0034, book_2: 0.0025, book_3: 0.0061 | Sitting: P0:not_sitting
2026-07-15 11:50:42,756 - Pose: 0 persons | Book: no_book: 0.9997, book_1: 0.0000, book_2: 0.0000, book_3: 0.0002 | Sitting: N/A
2026-07-15 11:50:43,778 - Pose: 1 persons | Book: no_book: 0.9991, book_1: 0.0002, book_2: 0.0005, book_3: 0.0002 | Sitting: P0:not_sitting
2026-07-15 11:50:44,782 - Pose: 1 persons | Book: no_book: 0.9998, book_1: 0.0001, book_2: 0.0000, book_3: 0.0001 | Sitting: P0:not_sitting
2026-07-15 11:50:45,807 - Pose: 2 persons | Book: no_book: 0.9997, book_1: 0.0002, book_2: 0.0001, book_3: 0.0001 | Sitting: P0:sitting, P1:sitting
2026-07-15 11:50:46,817 - Pose: 1 persons | Book: no_book: 0.9996, book_1: 0.0003, book_2: 0.0001, book_3: 0.0001 | Sitting: P0:sitting
2026-07-15 11:50:47,841 - Pose: 1 persons | Book: no_book: 0.9998, book_1: 0.0002, book_2: 0.0000, book_3: 0.0000 | Sitting: P0:sitting
2026-07-15 11:50:48,848 - Pose: 0 persons | Book: no_book: 0.9997, book_1: 0.0002, book_2: 0.0000, book_3: 0.0001 | Sitting: N/A
2026-07-15 11:50:49,887 - Pose: 0 persons | Book: no_book: 0.9990, book_1: 0.0005, book_2: 0.0002, book_3: 0.0004 | Sitting: N/A
2026-07-15 11:50:50,913 - Pose: 1 persons | Book: no_book: 0.9995, book_1: 0.0002, book_2: 0.0001, book_3: 0.0002 | Sitting: P0:sitting
2026-07-15 11:50:51,918 - Pose: 0 persons | Book: no_book: 0.9995, book_1: 0.0002, book_2: 0.0001, book_3: 0.0002 | Sitting: N/A
2026-07-15 11:50:52,944 - Pose: 0 persons | Book: no_book: 0.9994, book_1: 0.0003, book_2: 0.0001, book_3: 0.0002 | Sitting: N/A
2026-07-15 11:50:53,951 - Pose: 0 persons | Book: no_book: 0.9989, book_1: 0.0006, book_2: 0.0003, book_3: 0.0002 | Sitting: N/A
2026-07-15 11:50:54,976 - Pose: 0 persons | Book: no_book: 0.9863, book_1: 0.0047, book_2: 0.0031, book_3: 0.0058 | Sitting: N/A
2026-07-15 11:50:55,984 - Pose: 0 persons | Book: no_book: 0.9936, book_1: 0.0016, book_2: 0.0013, book_3: 0.0035 | Sitting: N/A
2026-07-15 11:50:57,010 - Pose: 0 persons | Book: no_book: 0.9943, book_1: 0.0015, book_2: 0.0011, book_3: 0.0031 | Sitting: N/A
2026-07-15 11:50:58,023 - Pose: 1 persons | Book: no_book: 0.9944, book_1: 0.0015, book_2: 0.0009, book_3: 0.0032 | Sitting: P0:sitting
2026-07-15 11:50:59,044 - Pose: 1 persons | Book: no_book: 0.9929, book_1: 0.0018, book_2: 0.0011, book_3: 0.0041 | Sitting: P0:not_sitting
2026-07-15 11:51:00,048 - Pose: 1 persons | Book: no_book: 0.9942, book_1: 0.0017, book_2: 0.0012, book_3: 0.0030 | Sitting: P0:not_sitting
2026-07-15 11:51:01,071 - Pose: 1 persons | Book: no_book: 0.9957, book_1: 0.0011, book_2: 0.0008, book_3: 0.0025 | Sitting: P0:not_sitting
2026-07-15 11:51:02,083 - Pose: 1 persons | Book: no_book: 0.9951, book_1: 0.0014, book_2: 0.0009, book_3: 0.0027 | Sitting: P0:not_sitting
2026-07-15 11:51:03,091 - Pose: 1 persons | Book: no_book: 0.9948, book_1: 0.0015, book_2: 0.0010, book_3: 0.0027 | Sitting: P0:not_sitting
2026-07-15 11:51:04,111 - Pose: 2 persons | Book: no_book: 0.9939, book_1: 0.0017, book_2: 0.0012, book_3: 0.0032 | Sitting: P0:not_sitting, P1:not_sitting
2026-07-15 11:51:05,118 - Pose: 1 persons | Book: no_book: 0.9928, book_1: 0.0016, book_2: 0.0013, book_3: 0.0043 | Sitting: P0:not_sitting
2026-07-15 11:51:06,142 - Pose: 0 persons | Book: no_book: 0.9956, book_1: 0.0012, book_2: 0.0008, book_3: 0.0023 | Sitting: N/A
2026-07-15 11:51:07,150 - Pose: 0 persons | Book: no_book: 0.9931, book_1: 0.0018, book_2: 0.0013, book_3: 0.0037 | Sitting: N/A
2026-07-15 11:51:08,179 - Pose: 0 persons | Book: no_book: 0.9887, book_1: 0.0033, book_2: 0.0025, book_3: 0.0054 | Sitting: N/A
2026-07-15 11:51:09,181 - Pose: 0 persons | Book: no_book: 0.9934, book_1: 0.0017, book_2: 0.0019, book_3: 0.0030 | Sitting: N/A
2026-07-15 11:51:10,208 - Pose: 2 persons | Book: no_book: 0.9984, book_1: 0.0014, book_2: 0.0000, book_3: 0.0001 | Sitting: P0:sitting, P1:sitting
2026-07-15 11:51:11,218 - Pose: 1 persons | Book: no_book: 0.9930, book_1: 0.0019, book_2: 0.0013, book_3: 0.0037 | Sitting: P0:not_sitting
2026-07-15 11:51:12,243 - Pose: 1 persons | Book: no_book: 0.9944, book_1: 0.0015, book_2: 0.0010, book_3: 0.0032 | Sitting: P0:sitting
2026-07-15 11:51:13,250 - Pose: 1 persons | Book: no_book: 0.9934, book_1: 0.0019, book_2: 0.0014, book_3: 0.0033 | Sitting: P0:sitting
2026-07-15 11:51:14,288 - Pose: 1 persons | Book: no_book: 0.9948, book_1: 0.0013, book_2: 0.0009, book_3: 0.0030 | Sitting: P0:sitting
2026-07-15 11:51:15,314 - Pose: 1 persons | Book: no_book: 0.9964, book_1: 0.0009, book_2: 0.0006, book_3: 0.0020 | Sitting: P0:sitting
2026-07-15 11:51:16,320 - Pose: 1 persons | Book: no_book: 0.9908, book_1: 0.0027, book_2: 0.0019, book_3: 0.0046 | Sitting: P0:sitting
2026-07-15 11:51:17,344 - Pose: 1 persons | Book: no_book: 0.9936, book_1: 0.0019, book_2: 0.0013, book_3: 0.0032 | Sitting: P0:sitting
2026-07-15 11:51:18,349 - Pose: 1 persons | Book: no_book: 0.9937, book_1: 0.0015, book_2: 0.0012, book_3: 0.0036 | Sitting: P0:sitting
2026-07-15 11:51:19,378 - Pose: 1 persons | Book: no_book: 0.9921, book_1: 0.0020, book_2: 0.0013, book_3: 0.0046 | Sitting: P0:sitting
2026-07-15 11:51:20,380 - Pose: 1 persons | Book: no_book: 0.9892, book_1: 0.0030, book_2: 0.0021, book_3: 0.0058 | Sitting: P0:not_sitting
2026-07-15 11:51:21,404 - Pose: 1 persons | Book: no_book: 0.9935, book_1: 0.0017, book_2: 0.0013, book_3: 0.0035 | Sitting: P0:not_sitting
2026-07-15 11:51:22,414 - Pose: 1 persons | Book: no_book: 0.9931, book_1: 0.0018, book_2: 0.0013, book_3: 0.0037 | Sitting: P0:not_sitting
2026-07-15 11:51:23,441 - Pose: 1 persons | Book: no_book: 0.9905, book_1: 0.0023, book_2: 0.0018, book_3: 0.0054 | Sitting: P0:not_sitting
2026-07-15 11:51:24,448 - Pose: 1 persons | Book: no_book: 0.9920, book_1: 0.0023, book_2: 0.0017, book_3: 0.0040 | Sitting: P0:not_sitting
2026-07-15 11:51:25,488 - Pose: 1 persons | Book: no_book: 0.9933, book_1: 0.0016, book_2: 0.0013, book_3: 0.0038 | Sitting: P0:not_sitting
2026-07-15 11:51:26,512 - Pose: 1 persons | Book: no_book: 0.9957, book_1: 0.0010, book_2: 0.0007, book_3: 0.0026 | Sitting: P0:not_sitting
2026-07-15 11:51:27,519 - Pose: 1 persons | Book: no_book: 0.9959, book_1: 0.0009, book_2: 0.0007, book_3: 0.0024 | Sitting: P0:sitting
2026-07-15 11:51:28,544 - Pose: 1 persons | Book: no_book: 0.9942, book_1: 0.0014, book_2: 0.0011, book_3: 0.0034 | Sitting: P0:not_sitting
2026-07-15 11:51:29,564 - Pose: 1 persons | Book: no_book: 0.9943, book_1: 0.0017, book_2: 0.0012, book_3: 0.0028 | Sitting: P0:not_sitting
2026-07-15 11:51:30,590 - Pose: 1 persons | Book: no_book: 0.9905, book_1: 0.0025, book_2: 0.0021, book_3: 0.0049 | Sitting: P0:not_sitting
2026-07-15 11:51:31,588 - Pose: 1 persons | Book: no_book: 0.9904, book_1: 0.0026, book_2: 0.0019, book_3: 0.0050 | Sitting: P0:sitting
2026-07-15 11:51:32,613 - Pose: 1 persons | Book: no_book: 0.9936, book_1: 0.0017, book_2: 0.0012, book_3: 0.0035 | Sitting: P0:sitting
2026-07-15 11:51:33,636 - Pose: 1 persons | Book: no_book: 0.9926, book_1: 0.0020, book_2: 0.0014, book_3: 0.0040 | Sitting: P0:sitting
2026-07-15 11:51:34,642 - Pose: 1 persons | Book: no_book: 0.9960, book_1: 0.0009, book_2: 0.0007, book_3: 0.0024 | Sitting: P0:sitting
2026-07-15 11:51:35,661 - Pose: 1 persons | Book: no_book: 0.9939, book_1: 0.0015, book_2: 0.0012, book_3: 0.0034 | Sitting: P0:sitting
2026-07-15 11:51:36,714 - Pose: 1 persons | Book: no_book: 0.9859, book_1: 0.0036, book_2: 0.0028, book_3: 0.0077 | Sitting: P0:sitting
2026-07-15 11:51:37,724 - Pose: 1 persons | Book: no_book: 0.9853, book_1: 0.0037, book_2: 0.0034, book_3: 0.0076 | Sitting: P0:sitting
2026-07-15 11:51:38,739 - Pose: 1 persons | Book: no_book: 0.9903, book_1: 0.0025, book_2: 0.0020, book_3: 0.0052 | Sitting: P0:not_sitting
2026-07-15 11:51:39,764 - Pose: 1 persons | Book: no_book: 0.9913, book_1: 0.0023, book_2: 0.0018, book_3: 0.0046 | Sitting: P0:not_sitting
2026-07-15 11:51:40,767 - Pose: 1 persons | Book: no_book: 0.9873, book_1: 0.0032, book_2: 0.0025, book_3: 0.0069 | Sitting: P0:sitting
2026-07-15 11:51:41,793 - Pose: 1 persons | Book: no_book: 0.9894, book_1: 0.0026, book_2: 0.0024, book_3: 0.0056 | Sitting: P0:sitting
2026-07-15 11:51:42,803 - Pose: 1 persons | Book: no_book: 0.9838, book_1: 0.0045, book_2: 0.0032, book_3: 0.0085 | Sitting: P0:sitting
2026-07-15 11:51:43,819 - Pose: 1 persons | Book: no_book: 0.9867, book_1: 0.0035, book_2: 0.0027, book_3: 0.0071 | Sitting: P0:sitting
2026-07-15 11:51:44,835 - Pose: 1 persons | Book: no_book: 0.9911, book_1: 0.0019, book_2: 0.0016, book_3: 0.0054 | Sitting: P0:sitting
2026-07-15 11:51:45,849 - Pose: 1 persons | Book: no_book: 0.9864, book_1: 0.0036, book_2: 0.0032, book_3: 0.0068 | Sitting: P0:not_sitting
2026-07-15 11:51:46,861 - Pose: 1 persons | Book: no_book: 0.9926, book_1: 0.0019, book_2: 0.0014, book_3: 0.0041 | Sitting: P0:not_sitting
2026-07-15 11:51:47,902 - Pose: 1 persons | Book: no_book: 0.9875, book_1: 0.0034, book_2: 0.0028, book_3: 0.0063 | Sitting: P0:not_sitting
2026-07-15 11:51:48,928 - Pose: 1 persons | Book: no_book: 0.9907, book_1: 0.0025, book_2: 0.0021, book_3: 0.0047 | Sitting: P0:not_sitting
2026-07-15 11:51:49,968 - Pose: 1 persons | Book: no_book: 0.9939, book_1: 0.0018, book_2: 0.0012, book_3: 0.0031 | Sitting: P0:sitting
2026-07-15 11:51:50,992 - Pose: 1 persons | Book: no_book: 0.9933, book_1: 0.0017, book_2: 0.0012, book_3: 0.0037 | Sitting: P0:sitting
2026-07-15 11:51:52,002 - Pose: 1 persons | Book: no_book: 0.9933, book_1: 0.0017, book_2: 0.0013, book_3: 0.0037 | Sitting: P0:not_sitting
2026-07-15 11:51:53,033 - Pose: 1 persons | Book: no_book: 0.9945, book_1: 0.0014, book_2: 0.0009, book_3: 0.0032 | Sitting: P0:not_sitting
2026-07-15 11:51:54,037 - Pose: 1 persons | Book: no_book: 0.9862, book_1: 0.0036, book_2: 0.0030, book_3: 0.0072 | Sitting: P0:sitting
2026-07-15 11:51:55,058 - Pose: 1 persons | Book: no_book: 0.9889, book_1: 0.0031, book_2: 0.0024, book_3: 0.0057 | Sitting: P0:sitting
2026-07-15 11:51:56,069 - Pose: 1 persons | Book: no_book: 0.9921, book_1: 0.0018, book_2: 0.0015, book_3: 0.0046 | Sitting: P0:sitting
2026-07-15 11:51:57,094 - Pose: 1 persons | Book: no_book: 0.9869, book_1: 0.0034, book_2: 0.0029, book_3: 0.0068 | Sitting: P0:sitting
2026-07-15 11:51:58,101 - Pose: 1 persons | Book: no_book: 0.9915, book_1: 0.0022, book_2: 0.0018, book_3: 0.0045 | Sitting: P0:not_sitting
2026-07-15 11:51:59,139 - Pose: 1 persons | Book: no_book: 0.9888, book_1: 0.0028, book_2: 0.0026, book_3: 0.0058 | Sitting: P0:not_sitting
2026-07-15 11:52:00,165 - Pose: 1 persons | Book: no_book: 0.9893, book_1: 0.0025, book_2: 0.0024, book_3: 0.0058 | Sitting: P0:not_sitting
2026-07-15 11:52:01,168 - Pose: 1 persons | Book: no_book: 0.9879, book_1: 0.0030, book_2: 0.0026, book_3: 0.0066 | Sitting: P0:sitting
2026-07-15 11:52:02,190 - Pose: 1 persons | Book: no_book: 0.9864, book_1: 0.0037, book_2: 0.0029, book_3: 0.0070 | Sitting: P0:not_sitting
2026-07-15 11:52:03,201 - Pose: 1 persons | Book: no_book: 0.9879, book_1: 0.0034, book_2: 0.0026, book_3: 0.0061 | Sitting: P0:not_sitting
2026-07-15 11:52:04,224 - Pose: 1 persons | Book: no_book: 0.9906, book_1: 0.0022, book_2: 0.0019, book_3: 0.0052 | Sitting: P0:not_sitting
2026-07-15 11:52:05,236 - Pose: 1 persons | Book: no_book: 0.9862, book_1: 0.0037, book_2: 0.0029, book_3: 0.0072 | Sitting: P0:not_sitting
2026-07-15 11:52:06,256 - Pose: 1 persons | Book: no_book: 0.9788, book_1: 0.0052, book_2: 0.0055, book_3: 0.0105 | Sitting: P0:not_sitting
2026-07-15 11:52:07,263 - Pose: 1 persons | Book: no_book: 0.9927, book_1: 0.0017, book_2: 0.0014, book_3: 0.0042 | Sitting: P0:not_sitting
2026-07-15 11:52:08,285 - Pose: 1 persons | Book: no_book: 0.9871, book_1: 0.0035, book_2: 0.0029, book_3: 0.0066 | Sitting: P0:not_sitting
2026-07-15 11:52:09,298 - Pose: 1 persons | Book: no_book: 0.9933, book_1: 0.0018, book_2: 0.0012, book_3: 0.0038 | Sitting: P0:not_sitting
2026-07-15 11:52:10,344 - Pose: 1 persons | Book: no_book: 0.9911, book_1: 0.0026, book_2: 0.0017, book_3: 0.0045 | Sitting: P0:not_sitting
2026-07-15 11:52:11,357 - Pose: 1 persons | Book: no_book: 0.9920, book_1: 0.0022, book_2: 0.0018, book_3: 0.0040 | Sitting: P0:not_sitting
2026-07-15 11:52:12,374 - Pose: 1 persons | Book: no_book: 0.9904, book_1: 0.0025, book_2: 0.0020, book_3: 0.0051 | Sitting: P0:not_sitting
2026-07-15 11:52:13,406 - Pose: 1 persons | Book: no_book: 0.9921, book_1: 0.0021, book_2: 0.0017, book_3: 0.0041 | Sitting: P0:sitting
2026-07-15 11:52:14,397 - Pose: 1 persons | Book: no_book: 0.9864, book_1: 0.0037, book_2: 0.0028, book_3: 0.0070 | Sitting: P0:not_sitting
2026-07-15 11:52:15,429 - Pose: 1 persons | Book: no_book: 0.9956, book_1: 0.0010, book_2: 0.0008, book_3: 0.0027 | Sitting: P0:not_sitting
2026-07-15 11:52:16,435 - Pose: 1 persons | Book: no_book: 0.9910, book_1: 0.0023, book_2: 0.0019, book_3: 0.0048 | Sitting: P0:not_sitting
2026-07-15 11:52:17,454 - Pose: 1 persons | Book: no_book: 0.9945, book_1: 0.0014, book_2: 0.0010, book_3: 0.0031 | Sitting: P0:not_sitting
2026-07-15 11:52:18,465 - Pose: 1 persons | Book: no_book: 0.9962, book_1: 0.0010, book_2: 0.0007, book_3: 0.0022 | Sitting: P0:not_sitting
2026-07-15 11:52:19,489 - Pose: 1 persons | Book: no_book: 0.9955, book_1: 0.0012, book_2: 0.0008, book_3: 0.0025 | Sitting: P0:not_sitting
2026-07-15 11:52:20,497 - Pose: 1 persons | Book: no_book: 0.9938, book_1: 0.0015, book_2: 0.0011, book_3: 0.0036 | Sitting: P0:not_sitting
2026-07-15 11:52:21,535 - Pose: 1 persons | Book: no_book: 0.9946, book_1: 0.0013, book_2: 0.0010, book_3: 0.0032 | Sitting: P0:not_sitting
2026-07-15 11:52:22,561 - Pose: 1 persons | Book: no_book: 0.9926, book_1: 0.0017, book_2: 0.0014, book_3: 0.0043 | Sitting: P0:not_sitting
2026-07-15 11:52:23,575 - Pose: 1 persons | Book: no_book: 0.9951, book_1: 0.0011, book_2: 0.0008, book_3: 0.0030 | Sitting: P0:not_sitting
2026-07-15 11:52:24,593 - Pose: 1 persons | Book: no_book: 0.9942, book_1: 0.0015, book_2: 0.0009, book_3: 0.0034 | Sitting: P0:not_sitting
2026-07-15 11:52:25,598 - Pose: 1 persons | Book: no_book: 0.9952, book_1: 0.0013, book_2: 0.0009, book_3: 0.0025 | Sitting: P0:not_sitting
2026-07-15 11:52:26,621 - Pose: 1 persons | Book: no_book: 0.9946, book_1: 0.0015, book_2: 0.0011, book_3: 0.0029 | Sitting: P0:not_sitting
2026-07-15 11:52:27,638 - Pose: 1 persons | Book: no_book: 0.9963, book_1: 0.0012, book_2: 0.0007, book_3: 0.0018 | Sitting: P0:not_sitting
2026-07-15 11:52:28,655 - Pose: 1 persons | Book: no_book: 0.9937, book_1: 0.0018, book_2: 0.0012, book_3: 0.0033 | Sitting: P0:not_sitting
2026-07-15 11:52:29,671 - Pose: 1 persons | Book: no_book: 0.9901, book_1: 0.0026, book_2: 0.0021, book_3: 0.0052 | Sitting: P0:not_sitting
2026-07-15 11:52:30,697 - Pose: 1 persons | Book: no_book: 0.9948, book_1: 0.0014, book_2: 0.0008, book_3: 0.0030 | Sitting: P0:not_sitting
2026-07-15 11:52:31,702 - Pose: 1 persons | Book: no_book: 0.9939, book_1: 0.0016, book_2: 0.0011, book_3: 0.0034 | Sitting: P0:not_sitting
2026-07-15 11:52:32,746 - Pose: 1 persons | Book: no_book: 0.9948, book_1: 0.0014, book_2: 0.0010, book_3: 0.0028 | Sitting: P0:not_sitting
2026-07-15 11:52:33,766 - Pose: 1 persons | Book: no_book: 0.9895, book_1: 0.0026, book_2: 0.0023, book_3: 0.0056 | Sitting: P0:not_sitting
2026-07-15 11:52:34,761 - Pose: 1 persons | Book: no_book: 0.9901, book_1: 0.0026, book_2: 0.0020, book_3: 0.0053 | Sitting: P0:not_sitting
2026-07-15 11:52:35,788 - Pose: 1 persons | Book: no_book: 0.9890, book_1: 0.0029, book_2: 0.0023, book_3: 0.0058 | Sitting: P0:not_sitting
2026-07-15 11:52:36,804 - Pose: 1 persons | Book: no_book: 0.9949, book_1: 0.0014, book_2: 0.0009, book_3: 0.0028 | Sitting: P0:not_sitting
2026-07-15 11:52:37,824 - Pose: 1 persons | Book: no_book: 0.9952, book_1: 0.0013, book_2: 0.0009, book_3: 0.0026 | Sitting: P0:not_sitting
2026-07-15 11:52:38,841 - Pose: 1 persons | Book: no_book: 0.9959, book_1: 0.0010, book_2: 0.0007, book_3: 0.0024 | Sitting: P0:not_sitting
2026-07-15 11:52:39,851 - Pose: 1 persons | Book: no_book: 0.9915, book_1: 0.0024, book_2: 0.0020, book_3: 0.0041 | Sitting: P0:not_sitting
2026-07-15 11:52:40,862 - Pose: 1 persons | Book: no_book: 0.9936, book_1: 0.0017, book_2: 0.0014, book_3: 0.0033 | Sitting: P0:not_sitting
2026-07-15 11:52:41,889 - Pose: 1 persons | Book: no_book: 0.9944, book_1: 0.0015, book_2: 0.0011, book_3: 0.0029 | Sitting: P0:not_sitting
2026-07-15 11:52:42,893 - Pose: 1 persons | Book: no_book: 0.9934, book_1: 0.0017, book_2: 0.0012, book_3: 0.0036 | Sitting: P0:not_sitting
2026-07-15 11:52:43,937 - Pose: 1 persons | Book: no_book: 0.9929, book_1: 0.0020, book_2: 0.0015, book_3: 0.0036 | Sitting: P0:not_sitting
2026-07-15 11:52:44,970 - Pose: 1 persons | Book: no_book: 0.9946, book_1: 0.0014, book_2: 0.0012, book_3: 0.0029 | Sitting: P0:sitting
2026-07-15 11:52:46,005 - Pose: 1 persons | Book: no_book: 0.9934, book_1: 0.0013, book_2: 0.0010, book_3: 0.0043 | Sitting: P0:sitting
2026-07-15 11:52:47,033 - Pose: 1 persons | Book: no_book: 0.9944, book_1: 0.0014, book_2: 0.0009, book_3: 0.0033 | Sitting: P0:not_sitting
2026-07-15 11:52:48,047 - Pose: 1 persons | Book: no_book: 0.9902, book_1: 0.0026, book_2: 0.0022, book_3: 0.0050 | Sitting: P0:not_sitting
2026-07-15 11:52:49,056 - Pose: 1 persons | Book: no_book: 0.9941, book_1: 0.0015, book_2: 0.0011, book_3: 0.0033 | Sitting: P0:not_sitting
2026-07-15 11:52:50,066 - Pose: 1 persons | Book: no_book: 0.9910, book_1: 0.0020, book_2: 0.0017, book_3: 0.0053 | Sitting: P0:not_sitting
2026-07-15 11:52:51,090 - Pose: 1 persons | Book: no_book: 0.9923, book_1: 0.0022, book_2: 0.0018, book_3: 0.0037 | Sitting: P0:not_sitting
2026-07-15 11:52:52,103 - Pose: 1 persons | Book: no_book: 0.9895, book_1: 0.0025, book_2: 0.0022, book_3: 0.0057 | Sitting: P0:not_sitting
2026-07-15 11:52:53,115 - Pose: 1 persons | Book: no_book: 0.9894, book_1: 0.0029, book_2: 0.0023, book_3: 0.0054 | Sitting: P0:not_sitting
2026-07-15 11:52:54,127 - Pose: 1 persons | Book: no_book: 0.9930, book_1: 0.0017, book_2: 0.0014, book_3: 0.0038 | Sitting: P0:not_sitting
2026-07-15 11:52:55,137 - Pose: 1 persons | Book: no_book: 0.9946, book_1: 0.0015, book_2: 0.0009, book_3: 0.0030 | Sitting: P0:not_sitting
2026-07-15 11:52:56,159 - Pose: 1 persons | Book: no_book: 0.9962, book_1: 0.0010, book_2: 0.0006, book_3: 0.0021 | Sitting: P0:not_sitting
2026-07-15 11:52:57,170 - Pose: 1 persons | Book: no_book: 0.9909, book_1: 0.0022, book_2: 0.0017, book_3: 0.0052 | Sitting: P0:not_sitting
2026-07-15 11:52:58,192 - Pose: 1 persons | Book: no_book: 0.9968, book_1: 0.0009, book_2: 0.0006, book_3: 0.0017 | Sitting: P0:not_sitting
2026-07-15 11:52:59,206 - Pose: 1 persons | Book: no_book: 0.9939, book_1: 0.0017, book_2: 0.0012, book_3: 0.0031 | Sitting: P0:not_sitting
2026-07-15 11:53:00,226 - Pose: 1 persons | Book: no_book: 0.9944, book_1: 0.0013, book_2: 0.0010, book_3: 0.0032 | Sitting: P0:not_sitting
2026-07-15 11:53:01,243 - Pose: 1 persons | Book: no_book: 0.9934, book_1: 0.0017, book_2: 0.0013, book_3: 0.0036 | Sitting: P0:not_sitting
2026-07-15 11:53:02,253 - Pose: 1 persons | Book: no_book: 0.9949, book_1: 0.0014, book_2: 0.0010, book_3: 0.0028 | Sitting: P0:not_sitting
2026-07-15 11:53:03,263 - Pose: 1 persons | Book: no_book: 0.9949, book_1: 0.0014, book_2: 0.0010, book_3: 0.0028 | Sitting: P0:not_sitting
2026-07-15 11:53:04,291 - Pose: 1 persons | Book: no_book: 0.9919, book_1: 0.0021, book_2: 0.0016, book_3: 0.0043 | Sitting: P0:not_sitting
2026-07-15 11:53:05,295 - Pose: 1 persons | Book: no_book: 0.9913, book_1: 0.0025, book_2: 0.0019, book_3: 0.0043 | Sitting: P0:not_sitting
2026-07-15 11:53:06,320 - Pose: 1 persons | Book: no_book: 0.9959, book_1: 0.0010, book_2: 0.0008, book_3: 0.0023 | Sitting: P0:not_sitting
2026-07-15 11:53:07,321 - Pose: 1 persons | Book: no_book: 0.9952, book_1: 0.0012, book_2: 0.0009, book_3: 0.0026 | Sitting: P0:not_sitting
2026-07-15 11:53:08,367 - Pose: 1 persons | Book: no_book: 0.9949, book_1: 0.0013, book_2: 0.0009, book_3: 0.0029 | Sitting: P0:not_sitting
2026-07-15 11:53:09,387 - Pose: 1 persons | Book: no_book: 0.9943, book_1: 0.0013, book_2: 0.0011, book_3: 0.0033 | Sitting: P0:not_sitting
2026-07-15 11:53:10,412 - Pose: 1 persons | Book: no_book: 0.9960, book_1: 0.0010, book_2: 0.0007, book_3: 0.0023 | Sitting: P0:not_sitting
2026-07-15 11:53:11,424 - Pose: 1 persons | Book: no_book: 0.9928, book_1: 0.0017, book_2: 0.0013, book_3: 0.0041 | Sitting: P0:not_sitting
2026-07-15 11:53:12,436 - Pose: 1 persons | Book: no_book: 0.9953, book_1: 0.0012, book_2: 0.0009, book_3: 0.0026 | Sitting: P0:not_sitting
2026-07-15 11:53:13,456 - Pose: 1 persons | Book: no_book: 0.9942, book_1: 0.0015, book_2: 0.0012, book_3: 0.0031 | Sitting: P0:not_sitting
2026-07-15 11:53:14,474 - Pose: 1 persons | Book: no_book: 0.9919, book_1: 0.0019, book_2: 0.0015, book_3: 0.0047 | Sitting: P0:not_sitting
2026-07-15 11:53:15,495 - Pose: 1 persons | Book: no_book: 0.9912, book_1: 0.0022, book_2: 0.0016, book_3: 0.0050 | Sitting: P0:not_sitting
2026-07-15 11:53:16,502 - Pose: 1 persons | Book: no_book: 0.9940, book_1: 0.0014, book_2: 0.0011, book_3: 0.0035 | Sitting: P0:not_sitting
2026-07-15 11:53:17,525 - Pose: 1 persons | Book: no_book: 0.9939, book_1: 0.0015, book_2: 0.0012, book_3: 0.0034 | Sitting: P0:sitting
2026-07-15 11:53:18,530 - Pose: 1 persons | Book: no_book: 0.9952, book_1: 0.0011, book_2: 0.0009, book_3: 0.0028 | Sitting: P0:sitting
2026-07-15 11:53:19,567 - Pose: 1 persons | Book: no_book: 0.9955, book_1: 0.0012, book_2: 0.0008, book_3: 0.0025 | Sitting: P0:sitting
2026-07-15 11:53:20,599 - Pose: 1 persons | Book: no_book: 0.9935, book_1: 0.0015, book_2: 0.0013, book_3: 0.0037 | Sitting: P0:sitting
2026-07-15 11:53:21,596 - Pose: 1 persons | Book: no_book: 0.9941, book_1: 0.0014, book_2: 0.0011, book_3: 0.0034 | Sitting: P0:sitting
2026-07-15 11:53:22,619 - Pose: 1 persons | Book: no_book: 0.9931, book_1: 0.0018, book_2: 0.0015, book_3: 0.0036 | Sitting: P0:not_sitting
2026-07-15 11:53:23,639 - Pose: 1 persons | Book: no_book: 0.9910, book_1: 0.0025, book_2: 0.0017, book_3: 0.0048 | Sitting: P0:sitting
2026-07-15 11:53:24,654 - Pose: 1 persons | Book: no_book: 0.9940, book_1: 0.0016, book_2: 0.0012, book_3: 0.0033 | Sitting: P0:sitting
2026-07-15 11:53:25,668 - Pose: 1 persons | Book: no_book: 0.9962, book_1: 0.0009, book_2: 0.0007, book_3: 0.0021 | Sitting: P0:sitting
2026-07-15 11:53:26,689 - Pose: 1 persons | Book: no_book: 0.9951, book_1: 0.0011, book_2: 0.0009, book_3: 0.0029 | Sitting: P0:not_sitting
2026-07-15 11:53:27,694 - Pose: 1 persons | Book: no_book: 0.9905, book_1: 0.0023, book_2: 0.0019, book_3: 0.0053 | Sitting: P0:sitting
2026-07-15 11:53:28,720 - Pose: 1 persons | Book: no_book: 0.9942, book_1: 0.0015, book_2: 0.0011, book_3: 0.0032 | Sitting: P0:sitting
2026-07-15 11:53:29,725 - Pose: 1 persons | Book: no_book: 0.9902, book_1: 0.0022, book_2: 0.0019, book_3: 0.0057 | Sitting: P0:sitting
2026-07-15 11:53:30,769 - Pose: 1 persons | Book: no_book: 0.9873, book_1: 0.0032, book_2: 0.0030, book_3: 0.0064 | Sitting: P0:sitting
2026-07-15 11:53:31,798 - Pose: 1 persons | Book: no_book: 0.9964, book_1: 0.0009, book_2: 0.0006, book_3: 0.0020 | Sitting: P0:sitting
2026-07-15 11:53:32,806 - Pose: 1 persons | Book: no_book: 0.9920, book_1: 0.0020, book_2: 0.0015, book_3: 0.0045 | Sitting: P0:not_sitting
2026-07-15 11:53:33,826 - Pose: 1 persons | Book: no_book: 0.9945, book_1: 0.0014, book_2: 0.0012, book_3: 0.0029 | Sitting: P0:not_sitting
2026-07-15 11:53:34,832 - Pose: 1 persons | Book: no_book: 0.9948, book_1: 0.0013, book_2: 0.0009, book_3: 0.0029 | Sitting: P0:not_sitting
2026-07-15 11:53:35,852 - Pose: 1 persons | Book: no_book: 0.9959, book_1: 0.0013, book_2: 0.0007, book_3: 0.0022 | Sitting: P0:not_sitting
2026-07-15 11:53:36,862 - Pose: 1 persons | Book: no_book: 0.9919, book_1: 0.0021, book_2: 0.0020, book_3: 0.0040 | Sitting: P0:not_sitting
2026-07-15 11:53:37,884 - Pose: 1 persons | Book: no_book: 0.9919, book_1: 0.0024, book_2: 0.0016, book_3: 0.0041 | Sitting: P0:not_sitting
2026-07-15 11:53:38,905 - Pose: 1 persons | Book: no_book: 0.9905, book_1: 0.0025, book_2: 0.0022, book_3: 0.0048 | Sitting: P0:not_sitting
2026-07-15 11:53:39,919 - Pose: 1 persons | Book: no_book: 0.9923, book_1: 0.0022, book_2: 0.0017, book_3: 0.0039 | Sitting: P0:not_sitting
2026-07-15 11:53:40,930 - Pose: 1 persons | Book: no_book: 0.9937, book_1: 0.0015, book_2: 0.0014, book_3: 0.0034 | Sitting: P0:not_sitting
2026-07-15 11:53:41,967 - Pose: 1 persons | Book: no_book: 0.9947, book_1: 0.0013, book_2: 0.0010, book_3: 0.0030 | Sitting: P0:not_sitting
2026-07-15 11:53:42,994 - Pose: 1 persons | Book: no_book: 0.9913, book_1: 0.0025, book_2: 0.0019, book_3: 0.0043 | Sitting: P0:sitting
2026-07-15 11:53:44,004 - Pose: 1 persons | Book: no_book: 0.9955, book_1: 0.0012, book_2: 0.0009, book_3: 0.0024 | Sitting: P0:not_sitting
2026-07-15 11:53:45,020 - Pose: 1 persons | Book: no_book: 0.9944, book_1: 0.0015, book_2: 0.0011, book_3: 0.0030 | Sitting: P0:sitting
2026-07-15 11:53:46,015 - Pose: 1 persons | Book: no_book: 0.9930, book_1: 0.0017, book_2: 0.0015, book_3: 0.0038 | Sitting: P0:sitting
2026-07-15 11:53:47,037 - Pose: 1 persons | Book: no_book: 0.9960, book_1: 0.0010, book_2: 0.0007, book_3: 0.0024 | Sitting: P0:not_sitting
2026-07-15 11:53:48,044 - Pose: 1 persons | Book: no_book: 0.9932, book_1: 0.0019, book_2: 0.0016, book_3: 0.0034 | Sitting: P0:not_sitting
2026-07-15 11:53:49,071 - Pose: 1 persons | Book: no_book: 0.9953, book_1: 0.0013, book_2: 0.0009, book_3: 0.0026 | Sitting: P0:sitting
2026-07-15 11:53:50,082 - Pose: 1 persons | Book: no_book: 0.9946, book_1: 0.0014, book_2: 0.0010, book_3: 0.0030 | Sitting: P0:not_sitting
2026-07-15 11:53:51,102 - Pose: 1 persons | Book: no_book: 0.9899, book_1: 0.0024, book_2: 0.0021, book_3: 0.0056 | Sitting: P0:sitting
2026-07-15 11:53:52,114 - Pose: 1 persons | Book: no_book: 0.9928, book_1: 0.0019, book_2: 0.0014, book_3: 0.0039 | Sitting: P0:not_sitting
2026-07-15 11:53:53,172 - Pose: 1 persons | Book: no_book: 0.9942, book_1: 0.0016, book_2: 0.0010, book_3: 0.0032 | Sitting: P0:not_sitting
2026-07-15 11:53:54,191 - Pose: 1 persons | Book: no_book: 0.9935, book_1: 0.0017, book_2: 0.0012, book_3: 0.0036 | Sitting: P0:sitting
2026-07-15 11:53:55,205 - Pose: 1 persons | Book: no_book: 0.9950, book_1: 0.0013, book_2: 0.0009, book_3: 0.0028 | Sitting: P0:not_sitting
2026-07-15 11:53:56,229 - Pose: 1 persons | Book: no_book: 0.9959, book_1: 0.0012, book_2: 0.0009, book_3: 0.0021 | Sitting: P0:not_sitting
2026-07-15 11:53:57,238 - Pose: 1 persons | Book: no_book: 0.9955, book_1: 0.0011, book_2: 0.0007, book_3: 0.0027 | Sitting: P0:sitting
2026-07-15 11:53:58,263 - Pose: 1 persons | Book: no_book: 0.9957, book_1: 0.0010, book_2: 0.0008, book_3: 0.0024 | Sitting: P0:not_sitting
2026-07-15 11:53:59,271 - Pose: 1 persons | Book: no_book: 0.9970, book_1: 0.0009, book_2: 0.0004, book_3: 0.0017 | Sitting: P0:not_sitting
2026-07-15 11:54:00,295 - Pose: 1 persons | Book: no_book: 0.9937, book_1: 0.0015, book_2: 0.0013, book_3: 0.0035 | Sitting: P0:not_sitting
2026-07-15 11:54:01,296 - Pose: 1 persons | Book: no_book: 0.9935, book_1: 0.0018, book_2: 0.0014, book_3: 0.0032 | Sitting: P0:not_sitting
2026-07-15 11:54:02,329 - Pose: 1 persons | Book: no_book: 0.9940, book_1: 0.0018, book_2: 0.0013, book_3: 0.0029 | Sitting: P0:not_sitting
2026-07-15 11:54:03,337 - Pose: 1 persons | Book: no_book: 0.9938, book_1: 0.0016, book_2: 0.0012, book_3: 0.0034 | Sitting: P0:not_sitting
2026-07-15 11:54:04,378 - Pose: 1 persons | Book: no_book: 0.9945, book_1: 0.0015, book_2: 0.0010, book_3: 0.0030 | Sitting: P0:sitting
2026-07-15 11:54:05,397 - Pose: 1 persons | Book: no_book: 0.9949, book_1: 0.0013, book_2: 0.0009, book_3: 0.0028 | Sitting: P0:not_sitting
2026-07-15 11:54:06,409 - Pose: 1 persons | Book: no_book: 0.9945, book_1: 0.0014, book_2: 0.0012, book_3: 0.0029 | Sitting: P0:sitting
2026-07-15 11:54:07,435 - Pose: 1 persons | Book: no_book: 0.9922, book_1: 0.0020, book_2: 0.0014, book_3: 0.0044 | Sitting: P0:sitting
2026-07-15 11:54:08,432 - Pose: 1 persons | Book: no_book: 0.9925, book_1: 0.0018, book_2: 0.0015, book_3: 0.0042 | Sitting: P0:not_sitting
2026-07-15 11:54:09,466 - Pose: 1 persons | Book: no_book: 0.9960, book_1: 0.0011, book_2: 0.0008, book_3: 0.0022 | Sitting: P0:not_sitting
2026-07-15 11:54:10,463 - Pose: 1 persons | Book: no_book: 0.9963, book_1: 0.0009, book_2: 0.0007, book_3: 0.0022 | Sitting: P0:not_sitting
2026-07-15 11:54:11,490 - Pose: 1 persons | Book: no_book: 0.9928, book_1: 0.0019, book_2: 0.0014, book_3: 0.0039 | Sitting: P0:not_sitting
2026-07-15 11:54:12,502 - Pose: 1 persons | Book: no_book: 0.9902, book_1: 0.0023, book_2: 0.0021, book_3: 0.0055 | Sitting: P0:not_sitting
2026-07-15 11:54:13,532 - Pose: 1 persons | Book: no_book: 0.9961, book_1: 0.0011, book_2: 0.0007, book_3: 0.0020 | Sitting: P0:not_sitting
2026-07-15 11:54:14,536 - Pose: 1 persons | Book: no_book: 0.9920, book_1: 0.0021, book_2: 0.0018, book_3: 0.0040 | Sitting: P0:sitting
2026-07-15 11:54:15,541 - Pose: 1 persons | Book: no_book: 0.9961, book_1: 0.0010, book_2: 0.0007, book_3: 0.0023 | Sitting: P0:not_sitting
2026-07-15 11:54:16,546 - Pose: 1 persons | Book: no_book: 0.9950, book_1: 0.0010, book_2: 0.0009, book_3: 0.0031 | Sitting: P0:not_sitting
2026-07-15 11:54:17,582 - Pose: 1 persons | Book: no_book: 0.9962, book_1: 0.0009, book_2: 0.0006, book_3: 0.0023 | Sitting: P0:sitting
2026-07-15 11:54:18,609 - Pose: 1 persons | Book: no_book: 0.9920, book_1: 0.0021, book_2: 0.0015, book_3: 0.0044 | Sitting: P0:sitting
2026-07-15 11:54:19,626 - Pose: 1 persons | Book: no_book: 0.9927, book_1: 0.0020, book_2: 0.0015, book_3: 0.0038 | Sitting: P0:sitting
2026-07-15 11:54:20,659 - Pose: 1 persons | Book: no_book: 0.9970, book_1: 0.0008, book_2: 0.0005, book_3: 0.0017 | Sitting: P0:sitting
2026-07-15 11:54:21,660 - Pose: 1 persons | Book: no_book: 0.9938, book_1: 0.0015, book_2: 0.0012, book_3: 0.0035 | Sitting: P0:sitting
2026-07-15 11:54:22,686 - Pose: 1 persons | Book: no_book: 0.9954, book_1: 0.0011, book_2: 0.0008, book_3: 0.0027 | Sitting: P0:sitting
2026-07-15 11:54:23,708 - Pose: 1 persons | Book: no_book: 0.9942, book_1: 0.0014, book_2: 0.0009, book_3: 0.0035 | Sitting: P0:sitting
2026-07-15 11:54:24,731 - Pose: 1 persons | Book: no_book: 0.9950, book_1: 0.0012, book_2: 0.0009, book_3: 0.0029 | Sitting: P0:sitting
2026-07-15 11:54:25,727 - Pose: 1 persons | Book: no_book: 0.9932, book_1: 0.0019, book_2: 0.0014, book_3: 0.0036 | Sitting: P0:sitting
2026-07-15 11:54:26,750 - Pose: 1 persons | Book: no_book: 0.9910, book_1: 0.0023, book_2: 0.0018, book_3: 0.0049 | Sitting: P0:not_sitting
2026-07-15 11:54:27,764 - Pose: 1 persons | Book: no_book: 0.9922, book_1: 0.0021, book_2: 0.0015, book_3: 0.0041 | Sitting: P0:not_sitting
2026-07-15 11:54:28,792 - Pose: 1 persons | Book: no_book: 0.9953, book_1: 0.0013, book_2: 0.0009, book_3: 0.0025 | Sitting: P0:not_sitting
2026-07-15 11:54:29,821 - Pose: 1 persons | Book: no_book: 0.9962, book_1: 0.0010, book_2: 0.0006, book_3: 0.0023 | Sitting: P0:not_sitting
2026-07-15 11:54:30,831 - Pose: 1 persons | Book: no_book: 0.9931, book_1: 0.0016, book_2: 0.0014, book_3: 0.0039 | Sitting: P0:not_sitting
2026-07-15 11:54:31,858 - Pose: 1 persons | Book: no_book: 0.9976, book_1: 0.0006, book_2: 0.0004, book_3: 0.0015 | Sitting: P0:sitting
2026-07-15 11:54:32,867 - Pose: 1 persons | Book: no_book: 0.9943, book_1: 0.0013, book_2: 0.0012, book_3: 0.0032 | Sitting: P0:sitting
2026-07-15 11:54:33,895 - Pose: 1 persons | Book: no_book: 0.9942, book_1: 0.0014, book_2: 0.0011, book_3: 0.0033 | Sitting: P0:not_sitting
2026-07-15 11:54:34,891 - Pose: 1 persons | Book: no_book: 0.9933, book_1: 0.0014, book_2: 0.0014, book_3: 0.0039 | Sitting: P0:not_sitting
2026-07-15 11:54:35,927 - Pose: 1 persons | Book: no_book: 0.9940, book_1: 0.0016, book_2: 0.0013, book_3: 0.0031 | Sitting: P0:sitting
2026-07-15 11:54:36,925 - Pose: 1 persons | Book: no_book: 0.9961, book_1: 0.0010, book_2: 0.0007, book_3: 0.0023 | Sitting: P0:not_sitting
2026-07-15 11:54:37,961 - Pose: 1 persons | Book: no_book: 0.9930, book_1: 0.0019, book_2: 0.0016, book_3: 0.0035 | Sitting: P0:not_sitting
2026-07-15 11:54:38,962 - Pose: 1 persons | Book: no_book: 0.9950, book_1: 0.0012, book_2: 0.0008, book_3: 0.0029 | Sitting: P0:not_sitting
2026-07-15 11:54:39,997 - Pose: 1 persons | Book: no_book: 0.9962, book_1: 0.0011, book_2: 0.0008, book_3: 0.0019 | Sitting: P0:not_sitting
2026-07-15 11:54:41,023 - Pose: 1 persons | Book: no_book: 0.9958, book_1: 0.0011, book_2: 0.0008, book_3: 0.0023 | Sitting: P0:not_sitting
2026-07-15 11:54:42,044 - Pose: 1 persons | Book: no_book: 0.9952, book_1: 0.0012, book_2: 0.0008, book_3: 0.0028 | Sitting: P0:not_sitting
2026-07-15 11:54:43,053 - Pose: 1 persons | Book: no_book: 0.9933, book_1: 0.0014, book_2: 0.0012, book_3: 0.0041 | Sitting: P0:not_sitting
2026-07-15 11:54:44,073 - Pose: 1 persons | Book: no_book: 0.9942, book_1: 0.0014, book_2: 0.0011, book_3: 0.0033 | Sitting: P0:not_sitting
2026-07-15 11:54:45,084 - Pose: 1 persons | Book: no_book: 0.9941, book_1: 0.0016, book_2: 0.0010, book_3: 0.0032 | Sitting: P0:sitting
2026-07-15 11:54:46,108 - Pose: 1 persons | Book: no_book: 0.9918, book_1: 0.0022, book_2: 0.0015, book_3: 0.0045 | Sitting: P0:not_sitting
2026-07-15 11:54:47,124 - Pose: 1 persons | Book: no_book: 0.9926, book_1: 0.0020, book_2: 0.0014, book_3: 0.0039 | Sitting: P0:sitting
2026-07-15 11:54:48,138 - Pose: 1 persons | Book: no_book: 0.9965, book_1: 0.0009, book_2: 0.0006, book_3: 0.0020 | Sitting: P0:not_sitting
2026-07-15 11:54:49,147 - Pose: 1 persons | Book: no_book: 0.9889, book_1: 0.0028, book_2: 0.0022, book_3: 0.0062 | Sitting: P0:not_sitting
2026-07-15 11:54:50,155 - Pose: 1 persons | Book: no_book: 0.9963, book_1: 0.0010, book_2: 0.0007, book_3: 0.0020 | Sitting: P0:not_sitting
2026-07-15 11:54:51,201 - Pose: 1 persons | Book: no_book: 0.9945, book_1: 0.0013, book_2: 0.0010, book_3: 0.0033 | Sitting: P0:not_sitting
2026-07-15 11:54:52,225 - Pose: 1 persons | Book: no_book: 0.9905, book_1: 0.0027, book_2: 0.0019, book_3: 0.0050 | Sitting: P0:not_sitting
2026-07-15 11:54:53,225 - Pose: 1 persons | Book: no_book: 0.9930, book_1: 0.0018, book_2: 0.0013, book_3: 0.0039 | Sitting: P0:not_sitting
2026-07-15 11:54:54,252 - Pose: 1 persons | Book: no_book: 0.9942, book_1: 0.0014, book_2: 0.0011, book_3: 0.0032 | Sitting: P0:not_sitting
2026-07-15 11:54:55,264 - Pose: 1 persons | Book: no_book: 0.9932, book_1: 0.0016, book_2: 0.0011, book_3: 0.0041 | Sitting: P0:not_sitting
2026-07-15 11:54:56,294 - Pose: 1 persons | Book: no_book: 0.9961, book_1: 0.0009, book_2: 0.0006, book_3: 0.0023 | Sitting: P0:not_sitting
2026-07-15 11:54:57,300 - Pose: 1 persons | Book: no_book: 0.9960, book_1: 0.0010, book_2: 0.0008, book_3: 0.0022 | Sitting: P0:not_sitting
2026-07-15 11:54:58,303 - Pose: 1 persons | Book: no_book: 0.9942, book_1: 0.0014, book_2: 0.0011, book_3: 0.0033 | Sitting: P0:sitting
2026-07-15 11:54:59,326 - Pose: 1 persons | Book: no_book: 0.9957, book_1: 0.0011, book_2: 0.0007, book_3: 0.0025 | Sitting: P0:sitting
2026-07-15 11:55:00,357 - Pose: 1 persons | Book: no_book: 0.9940, book_1: 0.0017, book_2: 0.0012, book_3: 0.0031 | Sitting: P0:not_sitting
2026-07-15 11:55:01,358 - Pose: 1 persons | Book: no_book: 0.9944, book_1: 0.0013, book_2: 0.0011, book_3: 0.0031 | Sitting: P0:not_sitting
2026-07-15 11:55:02,397 - Pose: 1 persons | Book: no_book: 0.9939, book_1: 0.0015, book_2: 0.0012, book_3: 0.0034 | Sitting: P0:not_sitting
2026-07-15 11:55:03,426 - Pose: 1 persons | Book: no_book: 0.9931, book_1: 0.0018, book_2: 0.0014, book_3: 0.0036 | Sitting: P0:not_sitting
2026-07-15 11:55:04,433 - Pose: 1 persons | Book: no_book: 0.9898, book_1: 0.0027, book_2: 0.0023, book_3: 0.0052 | Sitting: P0:sitting
2026-07-15 11:55:05,462 - Pose: 1 persons | Book: no_book: 0.9931, book_1: 0.0017, book_2: 0.0013, book_3: 0.0039 | Sitting: P0:sitting
2026-07-15 11:55:06,475 - Pose: 1 persons | Book: no_book: 0.9938, book_1: 0.0013, book_2: 0.0012, book_3: 0.0037 | Sitting: P0:not_sitting
2026-07-15 11:55:07,489 - Pose: 1 persons | Book: no_book: 0.9938, book_1: 0.0014, book_2: 0.0012, book_3: 0.0035 | Sitting: P0:sitting
2026-07-15 11:55:08,493 - Pose: 1 persons | Book: no_book: 0.9959, book_1: 0.0011, book_2: 0.0007, book_3: 0.0023 | Sitting: P0:not_sitting
2026-07-15 11:55:09,524 - Pose: 1 persons | Book: no_book: 0.9940, book_1: 0.0015, book_2: 0.0012, book_3: 0.0033 | Sitting: P0:not_sitting
2026-07-15 11:55:10,542 - Pose: 1 persons | Book: no_book: 0.9966, book_1: 0.0008, book_2: 0.0005, book_3: 0.0020 | Sitting: P0:sitting
2026-07-15 11:55:11,549 - Pose: 1 persons | Book: no_book: 0.9967, book_1: 0.0008, book_2: 0.0007, book_3: 0.0018 | Sitting: P0:sitting
2026-07-15 11:55:12,566 - Pose: 1 persons | Book: no_book: 0.9948, book_1: 0.0013, book_2: 0.0010, book_3: 0.0028 | Sitting: P0:not_sitting
2026-07-15 11:55:13,596 - Pose: 1 persons | Book: no_book: 0.9957, book_1: 0.0011, book_2: 0.0009, book_3: 0.0024 | Sitting: P0:not_sitting
2026-07-15 11:55:14,626 - Pose: 1 persons | Book: no_book: 0.9944, book_1: 0.0015, book_2: 0.0011, book_3: 0.0030 | Sitting: P0:not_sitting
2026-07-15 11:55:15,633 - Pose: 1 persons | Book: no_book: 0.9941, book_1: 0.0015, book_2: 0.0011, book_3: 0.0033 | Sitting: P0:not_sitting
2026-07-15 11:55:16,654 - Pose: 1 persons | Book: no_book: 0.9894, book_1: 0.0028, book_2: 0.0024, book_3: 0.0054 | Sitting: P0:not_sitting
2026-07-15 11:55:17,667 - Pose: 1 persons | Book: no_book: 0.9943, book_1: 0.0013, book_2: 0.0011, book_3: 0.0034 | Sitting: P0:not_sitting
2026-07-15 11:55:18,688 - Pose: 1 persons | Book: no_book: 0.9953, book_1: 0.0010, book_2: 0.0008, book_3: 0.0029 | Sitting: P0:not_sitting
2026-07-15 11:55:19,699 - Pose: 1 persons | Book: no_book: 0.9928, book_1: 0.0017, book_2: 0.0013, book_3: 0.0043 | Sitting: P0:sitting
2026-07-15 11:55:20,724 - Pose: 1 persons | Book: no_book: 0.9962, book_1: 0.0010, book_2: 0.0007, book_3: 0.0021 | Sitting: P0:not_sitting
2026-07-15 11:55:21,723 - Pose: 1 persons | Book: no_book: 0.9935, book_1: 0.0017, book_2: 0.0012, book_3: 0.0036 | Sitting: P0:not_sitting
2026-07-15 11:55:22,754 - Pose: 1 persons | Book: no_book: 0.9888, book_1: 0.0031, book_2: 0.0024, book_3: 0.0057 | Sitting: P0:not_sitting
2026-07-15 11:55:23,767 - Pose: 1 persons | Book: no_book: 0.9938, book_1: 0.0015, book_2: 0.0012, book_3: 0.0035 | Sitting: P0:not_sitting
2026-07-15 11:55:24,802 - Pose: 1 persons | Book: no_book: 0.9912, book_1: 0.0024, book_2: 0.0019, book_3: 0.0045 | Sitting: P0:not_sitting
2026-07-15 11:55:25,823 - Pose: 1 persons | Book: no_book: 0.9944, book_1: 0.0016, book_2: 0.0010, book_3: 0.0030 | Sitting: P0:sitting
2026-07-15 11:55:26,825 - Pose: 1 persons | Book: no_book: 0.9893, book_1: 0.0029, book_2: 0.0023, book_3: 0.0055 | Sitting: P0:not_sitting
2026-07-15 11:55:27,851 - Pose: 1 persons | Book: no_book: 0.9935, book_1: 0.0017, book_2: 0.0012, book_3: 0.0036 | Sitting: P0:not_sitting
2026-07-15 11:55:28,860 - Pose: 1 persons | Book: no_book: 0.9920, book_1: 0.0018, book_2: 0.0014, book_3: 0.0047 | Sitting: P0:sitting
2026-07-15 11:55:29,890 - Pose: 1 persons | Book: no_book: 0.9953, book_1: 0.0012, book_2: 0.0008, book_3: 0.0026 | Sitting: P0:not_sitting
2026-07-15 11:55:30,895 - Pose: 1 persons | Book: no_book: 0.9940, book_1: 0.0015, book_2: 0.0011, book_3: 0.0034 | Sitting: P0:not_sitting
2026-07-15 11:55:31,922 - Pose: 1 persons | Book: no_book: 0.9931, book_1: 0.0017, book_2: 0.0015, book_3: 0.0037 | Sitting: P0:not_sitting
2026-07-15 11:55:32,937 - Pose: 1 persons | Book: no_book: 0.9933, book_1: 0.0015, book_2: 0.0013, book_3: 0.0038 | Sitting: P0:sitting
2026-07-15 11:55:33,961 - Pose: 1 persons | Book: no_book: 0.9879, book_1: 0.0035, book_2: 0.0029, book_3: 0.0058 | Sitting: P0:sitting
2026-07-15 11:55:34,961 - Pose: 1 persons | Book: no_book: 0.9972, book_1: 0.0007, book_2: 0.0005, book_3: 0.0017 | Sitting: P0:not_sitting
2026-07-15 11:55:35,982 - Pose: 1 persons | Book: no_book: 0.9954, book_1: 0.0011, book_2: 0.0007, book_3: 0.0028 | Sitting: P0:not_sitting
2026-07-15 11:55:36,995 - Pose: 1 persons | Book: no_book: 0.9935, book_1: 0.0016, book_2: 0.0012, book_3: 0.0036 | Sitting: P0:not_sitting
2026-07-15 11:55:38,033 - Pose: 1 persons | Book: no_book: 0.9940, book_1: 0.0014, book_2: 0.0011, book_3: 0.0035 | Sitting: P0:sitting
2026-07-15 11:55:39,052 - Pose: 1 persons | Book: no_book: 0.9925, book_1: 0.0019, book_2: 0.0014, book_3: 0.0043 | Sitting: P0:sitting
2026-07-15 11:55:40,065 - Pose: 1 persons | Book: no_book: 0.9984, book_1: 0.0004, book_2: 0.0002, book_3: 0.0009 | Sitting: P0:sitting
2026-07-15 11:55:41,090 - Pose: 1 persons | Book: no_book: 0.9954, book_1: 0.0011, book_2: 0.0008, book_3: 0.0027 | Sitting: P0:not_sitting
2026-07-15 11:55:42,099 - Pose: 1 persons | Book: no_book: 0.9948, book_1: 0.0014, book_2: 0.0011, book_3: 0.0028 | Sitting: P0:not_sitting
2026-07-15 11:55:43,118 - Pose: 1 persons | Book: no_book: 0.9941, book_1: 0.0016, book_2: 0.0012, book_3: 0.0031 | Sitting: P0:sitting
2026-07-15 11:55:44,128 - Pose: 1 persons | Book: no_book: 0.9921, book_1: 0.0020, book_2: 0.0017, book_3: 0.0042 | Sitting: P0:sitting
2026-07-15 11:55:45,152 - Pose: 1 persons | Book: no_book: 0.9922, book_1: 0.0020, book_2: 0.0016, book_3: 0.0042 | Sitting: P0:not_sitting
2026-07-15 11:55:46,167 - Pose: 1 persons | Book: no_book: 0.9922, book_1: 0.0021, book_2: 0.0016, book_3: 0.0041 | Sitting: P0:sitting
2026-07-15 11:55:47,185 - Pose: 1 persons | Book: no_book: 0.9958, book_1: 0.0011, book_2: 0.0008, book_3: 0.0023 | Sitting: P0:not_sitting
2026-07-15 11:55:48,189 - Pose: 1 persons | Book: no_book: 0.9938, book_1: 0.0017, book_2: 0.0011, book_3: 0.0033 | Sitting: P0:sitting
2026-07-15 11:55:49,245 - Pose: 1 persons | Book: no_book: 0.9960, book_1: 0.0010, book_2: 0.0007, book_3: 0.0023 | Sitting: P0:not_sitting
2026-07-15 11:55:50,259 - Pose: 1 persons | Book: no_book: 0.9883, book_1: 0.0034, book_2: 0.0026, book_3: 0.0057 | Sitting: P0:sitting
2026-07-15 11:55:51,259 - Pose: 1 persons | Book: no_book: 0.9963, book_1: 0.0008, book_2: 0.0008, book_3: 0.0022 | Sitting: P0:sitting
2026-07-15 11:55:52,291 - Pose: 1 persons | Book: no_book: 0.9959, book_1: 0.0010, book_2: 0.0007, book_3: 0.0024 | Sitting: P0:sitting
2026-07-15 11:55:53,293 - Pose: 1 persons | Book: no_book: 0.9951, book_1: 0.0012, book_2: 0.0010, book_3: 0.0027 | Sitting: P0:not_sitting
2026-07-15 11:55:54,322 - Pose: 1 persons | Book: no_book: 0.9938, book_1: 0.0018, book_2: 0.0012, book_3: 0.0033 | Sitting: P0:not_sitting
2026-07-15 11:55:55,330 - Pose: 1 persons | Book: no_book: 0.9946, book_1: 0.0013, book_2: 0.0009, book_3: 0.0032 | Sitting: P0:not_sitting
2026-07-15 11:55:56,362 - Pose: 1 persons | Book: no_book: 0.9920, book_1: 0.0023, book_2: 0.0016, book_3: 0.0041 | Sitting: P0:not_sitting
2026-07-15 11:55:57,367 - Pose: 1 persons | Book: no_book: 0.9946, book_1: 0.0013, book_2: 0.0009, book_3: 0.0032 | Sitting: P0:sitting
2026-07-15 11:55:58,384 - Pose: 1 persons | Book: no_book: 0.9949, book_1: 0.0015, book_2: 0.0010, book_3: 0.0026 | Sitting: P0:not_sitting
2026-07-15 11:55:59,390 - Pose: 1 persons | Book: no_book: 0.9912, book_1: 0.0022, book_2: 0.0017, book_3: 0.0048 | Sitting: P0:sitting
2026-07-15 11:56:00,432 - Pose: 1 persons | Book: no_book: 0.9938, book_1: 0.0015, book_2: 0.0013, book_3: 0.0035 | Sitting: P0:not_sitting
2026-07-15 11:56:01,457 - Pose: 1 persons | Book: no_book: 0.9948, book_1: 0.0014, book_2: 0.0010, book_3: 0.0028 | Sitting: P0:sitting
2026-07-15 11:56:02,472 - Pose: 1 persons | Book: no_book: 0.9940, book_1: 0.0016, book_2: 0.0010, book_3: 0.0034 | Sitting: P0:sitting
2026-07-15 11:56:03,481 - Pose: 1 persons | Book: no_book: 0.9968, book_1: 0.0009, book_2: 0.0006, book_3: 0.0018 | Sitting: P0:not_sitting
2026-07-15 11:56:04,493 - Pose: 1 persons | Book: no_book: 0.9937, book_1: 0.0014, book_2: 0.0011, book_3: 0.0038 | Sitting: P0:not_sitting
2026-07-15 11:56:05,525 - Pose: 1 persons | Book: no_book: 0.9959, book_1: 0.0010, book_2: 0.0007, book_3: 0.0024 | Sitting: P0:sitting
2026-07-15 11:56:06,529 - Pose: 1 persons | Book: no_book: 0.9925, book_1: 0.0020, book_2: 0.0015, book_3: 0.0040 | Sitting: P0:not_sitting
2026-07-15 11:56:07,547 - Pose: 2 persons | Book: no_book: 0.9949, book_1: 0.0014, book_2: 0.0010, book_3: 0.0028 | Sitting: P0:sitting, P1:sitting
2026-07-15 11:56:08,564 - Pose: 1 persons | Book: no_book: 0.9930, book_1: 0.0017, book_2: 0.0012, book_3: 0.0041 | Sitting: P0:sitting
2026-07-15 11:56:09,587 - Pose: 1 persons | Book: no_book: 0.9925, book_1: 0.0017, book_2: 0.0014, book_3: 0.0044 | Sitting: P0:not_sitting
2026-07-15 11:56:10,598 - Pose: 1 persons | Book: no_book: 0.9923, book_1: 0.0019, book_2: 0.0015, book_3: 0.0043 | Sitting: P0:sitting
2026-07-15 11:56:11,614 - Pose: 1 persons | Book: no_book: 0.9948, book_1: 0.0014, book_2: 0.0010, book_3: 0.0028 | Sitting: P0:not_sitting
2026-07-15 11:56:12,628 - Pose: 1 persons | Book: no_book: 0.9919, book_1: 0.0021, book_2: 0.0014, book_3: 0.0046 | Sitting: P0:not_sitting
2026-07-15 11:56:13,638 - Pose: 1 persons | Book: no_book: 0.9927, book_1: 0.0020, book_2: 0.0013, book_3: 0.0040 | Sitting: P0:sitting
2026-07-15 11:56:14,654 - Pose: 1 persons | Book: no_book: 0.9918, book_1: 0.0021, book_2: 0.0016, book_3: 0.0044 | Sitting: P0:sitting
2026-07-15 11:56:15,662 - Pose: 1 persons | Book: no_book: 0.9957, book_1: 0.0012, book_2: 0.0008, book_3: 0.0022 | Sitting: P0:not_sitting
2026-07-15 11:56:16,690 - Pose: 1 persons | Book: no_book: 0.9956, book_1: 0.0010, book_2: 0.0008, book_3: 0.0026 | Sitting: P0:not_sitting
2026-07-15 11:56:17,689 - Pose: 1 persons | Book: no_book: 0.9914, book_1: 0.0020, book_2: 0.0018, book_3: 0.0047 | Sitting: P0:not_sitting
2026-07-15 11:56:18,719 - Pose: 1 persons | Book: no_book: 0.9959, book_1: 0.0010, book_2: 0.0007, book_3: 0.0024 | Sitting: P0:not_sitting
2026-07-15 11:56:19,730 - Pose: 1 persons | Book: no_book: 0.9943, book_1: 0.0014, book_2: 0.0010, book_3: 0.0033 | Sitting: P0:not_sitting
2026-07-15 11:56:20,751 - Pose: 1 persons | Book: no_book: 0.9955, book_1: 0.0012, book_2: 0.0009, book_3: 0.0025 | Sitting: P0:not_sitting
2026-07-15 11:56:21,771 - Pose: 1 persons | Book: no_book: 0.9935, book_1: 0.0016, book_2: 0.0014, book_3: 0.0035 | Sitting: P0:not_sitting
2026-07-15 11:56:22,787 - Pose: 1 persons | Book: no_book: 0.9932, book_1: 0.0020, book_2: 0.0014, book_3: 0.0034 | Sitting: P0:sitting
2026-07-15 11:56:23,802 - Pose: 1 persons | Book: no_book: 0.9877, book_1: 0.0029, book_2: 0.0028, book_3: 0.0065 | Sitting: P0:sitting
2026-07-15 11:56:24,841 - Pose: 1 persons | Book: no_book: 0.9933, book_1: 0.0018, book_2: 0.0015, book_3: 0.0034 | Sitting: P0:sitting
2026-07-15 11:56:25,856 - Pose: 1 persons | Book: no_book: 0.9906, book_1: 0.0023, book_2: 0.0018, book_3: 0.0052 | Sitting: P0:sitting
2026-07-15 11:56:26,857 - Pose: 1 persons | Book: no_book: 0.9937, book_1: 0.0017, book_2: 0.0013, book_3: 0.0034 | Sitting: P0:sitting
2026-07-15 11:56:27,897 - Pose: 1 persons | Book: no_book: 0.9923, book_1: 0.0021, book_2: 0.0018, book_3: 0.0038 | Sitting: P0:not_sitting
2026-07-15 11:56:28,896 - Pose: 1 persons | Book: no_book: 0.9953, book_1: 0.0012, book_2: 0.0009, book_3: 0.0026 | Sitting: P0:not_sitting
2026-07-15 11:56:29,917 - Pose: 1 persons | Book: no_book: 0.9921, book_1: 0.0018, book_2: 0.0015, book_3: 0.0046 | Sitting: P0:not_sitting
2026-07-15 11:56:30,938 - Pose: 1 persons | Book: no_book: 0.9941, book_1: 0.0015, book_2: 0.0011, book_3: 0.0033 | Sitting: P0:not_sitting
2026-07-15 11:56:31,958 - Pose: 1 persons | Book: no_book: 0.9932, book_1: 0.0017, book_2: 0.0014, book_3: 0.0037 | Sitting: P0:not_sitting
2026-07-15 11:56:32,960 - Pose: 1 persons | Book: no_book: 0.9922, book_1: 0.0020, book_2: 0.0014, book_3: 0.0044 | Sitting: P0:not_sitting
2026-07-15 11:56:33,984 - Pose: 1 persons | Book: no_book: 0.9964, book_1: 0.0009, book_2: 0.0007, book_3: 0.0020 | Sitting: P0:sitting
2026-07-15 11:56:35,000 - Pose: 1 persons | Book: no_book: 0.9948, book_1: 0.0014, book_2: 0.0009, book_3: 0.0029 | Sitting: P0:sitting
2026-07-15 11:56:36,025 - Pose: 1 persons | Book: no_book: 0.9904, book_1: 0.0028, book_2: 0.0022, book_3: 0.0046 | Sitting: P0:sitting
2026-07-15 11:56:37,026 - Pose: 1 persons | Book: no_book: 0.9902, book_1: 0.0026, book_2: 0.0024, book_3: 0.0048 | Sitting: P0:sitting
2026-07-15 11:56:38,062 - Pose: 1 persons | Book: no_book: 0.9953, book_1: 0.0014, book_2: 0.0008, book_3: 0.0025 | Sitting: P0:not_sitting
2026-07-15 11:56:39,089 - Pose: 1 persons | Book: no_book: 0.9942, book_1: 0.0014, book_2: 0.0011, book_3: 0.0033 | Sitting: P0:sitting
2026-07-15 11:56:40,094 - Pose: 1 persons | Book: no_book: 0.9919, book_1: 0.0019, book_2: 0.0018, book_3: 0.0045 | Sitting: P0:sitting
2026-07-15 11:56:41,117 - Pose: 1 persons | Book: no_book: 0.9933, book_1: 0.0017, book_2: 0.0012, book_3: 0.0038 | Sitting: P0:not_sitting
2026-07-15 11:56:42,124 - Pose: 1 persons | Book: no_book: 0.9852, book_1: 0.0041, book_2: 0.0035, book_3: 0.0072 | Sitting: P0:sitting
2026-07-15 11:56:43,134 - Pose: 1 persons | Book: no_book: 0.9945, book_1: 0.0014, book_2: 0.0010, book_3: 0.0031 | Sitting: P0:not_sitting
2026-07-15 11:56:44,159 - Pose: 1 persons | Book: no_book: 0.9965, book_1: 0.0009, book_2: 0.0006, book_3: 0.0020 | Sitting: P0:sitting
2026-07-15 11:56:45,179 - Pose: 1 persons | Book: no_book: 0.9940, book_1: 0.0016, book_2: 0.0011, book_3: 0.0033 | Sitting: P0:not_sitting
2026-07-15 11:56:46,192 - Pose: 1 persons | Book: no_book: 0.9945, book_1: 0.0014, book_2: 0.0011, book_3: 0.0030 | Sitting: P0:sitting
2026-07-15 11:56:47,219 - Pose: 1 persons | Book: no_book: 0.9962, book_1: 0.0011, book_2: 0.0007, book_3: 0.0020 | Sitting: P0:sitting
2026-07-15 11:56:48,224 - Pose: 1 persons | Book: no_book: 0.9967, book_1: 0.0008, book_2: 0.0006, book_3: 0.0019 | Sitting: P0:not_sitting
2026-07-15 11:56:49,263 - Pose: 1 persons | Book: no_book: 0.9913, book_1: 0.0019, book_2: 0.0017, book_3: 0.0051 | Sitting: P0:not_sitting
2026-07-15 11:56:50,288 - Pose: 1 persons | Book: no_book: 0.9918, book_1: 0.0018, book_2: 0.0016, book_3: 0.0048 | Sitting: P0:not_sitting
2026-07-15 11:56:51,300 - Pose: 1 persons | Book: no_book: 0.9953, book_1: 0.0010, book_2: 0.0009, book_3: 0.0027 | Sitting: P0:not_sitting
2026-07-15 11:56:52,318 - Pose: 1 persons | Book: no_book: 0.9953, book_1: 0.0011, book_2: 0.0008, book_3: 0.0028 | Sitting: P0:not_sitting
2026-07-15 11:56:53,331 - Pose: 1 persons | Book: no_book: 0.9960, book_1: 0.0010, book_2: 0.0008, book_3: 0.0023 | Sitting: P0:not_sitting
2026-07-15 11:56:54,351 - Pose: 1 persons | Book: no_book: 0.9960, book_1: 0.0009, book_2: 0.0006, book_3: 0.0025 | Sitting: P0:not_sitting
2026-07-15 11:56:55,372 - Pose: 1 persons | Book: no_book: 0.9927, book_1: 0.0020, book_2: 0.0013, book_3: 0.0040 | Sitting: P0:not_sitting
2026-07-15 11:56:56,390 - Pose: 1 persons | Book: no_book: 0.9908, book_1: 0.0026, book_2: 0.0019, book_3: 0.0046 | Sitting: P0:not_sitting
2026-07-15 11:56:57,395 - Pose: 1 persons | Book: no_book: 0.9942, book_1: 0.0015, book_2: 0.0009, book_3: 0.0034 | Sitting: P0:not_sitting
2026-07-15 11:56:58,418 - Pose: 1 persons | Book: no_book: 0.9929, book_1: 0.0018, book_2: 0.0014, book_3: 0.0038 | Sitting: P0:not_sitting
2026-07-15 11:56:59,431 - Pose: 1 persons | Book: no_book: 0.9929, book_1: 0.0021, book_2: 0.0015, book_3: 0.0035 | Sitting: P0:not_sitting
2026-07-15 11:57:00,470 - Pose: 1 persons | Book: no_book: 0.9900, book_1: 0.0028, book_2: 0.0024, book_3: 0.0048 | Sitting: P0:sitting
2026-07-15 11:57:01,488 - Pose: 1 persons | Book: no_book: 0.9943, book_1: 0.0015, book_2: 0.0010, book_3: 0.0032 | Sitting: P0:sitting
2026-07-15 11:57:02,493 - Pose: 1 persons | Book: no_book: 0.9939, book_1: 0.0015, book_2: 0.0011, book_3: 0.0034 | Sitting: P0:not_sitting
2026-07-15 11:57:03,531 - Pose: 1 persons | Book: no_book: 0.9936, book_1: 0.0017, book_2: 0.0013, book_3: 0.0035 | Sitting: P0:not_sitting
2026-07-15 11:57:04,537 - Pose: 1 persons | Book: no_book: 0.9959, book_1: 0.0011, book_2: 0.0008, book_3: 0.0023 | Sitting: P0:sitting
2026-07-15 11:57:05,555 - Pose: 1 persons | Book: no_book: 0.9960, book_1: 0.0011, book_2: 0.0007, book_3: 0.0022 | Sitting: P0:not_sitting
2026-07-15 11:57:06,560 - Pose: 1 persons | Book: no_book: 0.9975, book_1: 0.0008, book_2: 0.0004, book_3: 0.0013 | Sitting: P0:sitting
2026-07-15 11:57:07,588 - Pose: 1 persons | Book: no_book: 0.9943, book_1: 0.0015, book_2: 0.0011, book_3: 0.0030 | Sitting: P0:sitting
2026-07-15 11:57:08,587 - Pose: 1 persons | Book: no_book: 0.9918, book_1: 0.0020, book_2: 0.0018, book_3: 0.0045 | Sitting: P0:not_sitting
2026-07-15 11:57:09,616 - Pose: 1 persons | Book: no_book: 0.9955, book_1: 0.0012, book_2: 0.0009, book_3: 0.0024 | Sitting: P0:sitting
2026-07-15 11:57:10,620 - Pose: 1 persons | Book: no_book: 0.9961, book_1: 0.0010, book_2: 0.0007, book_3: 0.0022 | Sitting: P0:sitting
2026-07-15 11:57:11,670 - Pose: 1 persons | Book: no_book: 0.9944, book_1: 0.0016, book_2: 0.0013, book_3: 0.0027 | Sitting: P0:sitting
2026-07-15 11:57:12,690 - Pose: 1 persons | Book: no_book: 0.9929, book_1: 0.0016, book_2: 0.0014, book_3: 0.0041 | Sitting: P0:not_sitting
2026-07-15 11:57:13,713 - Pose: 1 persons | Book: no_book: 0.9946, book_1: 0.0016, book_2: 0.0011, book_3: 0.0028 | Sitting: P0:sitting
2026-07-15 11:57:14,721 - Pose: 2 persons | Book: no_book: 0.9949, book_1: 0.0014, book_2: 0.0010, book_3: 0.0027 | Sitting: P0:sitting, P1:sitting
2026-07-15 11:57:15,727 - Pose: 2 persons | Book: no_book: 0.9936, book_1: 0.0018, book_2: 0.0012, book_3: 0.0033 | Sitting: P0:sitting, P1:sitting
2026-07-15 11:57:16,762 - Pose: 2 persons | Book: no_book: 0.9962, book_1: 0.0009, book_2: 0.0006, book_3: 0.0023 | Sitting: P0:sitting, P1:sitting
2026-07-15 11:57:17,762 - Pose: 1 persons | Book: no_book: 0.9946, book_1: 0.0013, book_2: 0.0010, book_3: 0.0031 | Sitting: P0:sitting
2026-07-15 11:57:18,789 - Pose: 2 persons | Book: no_book: 0.9938, book_1: 0.0014, book_2: 0.0012, book_3: 0.0035 | Sitting: P0:sitting, P1:sitting
2026-07-15 11:57:19,790 - Pose: 2 persons | Book: no_book: 0.9927, book_1: 0.0020, book_2: 0.0017, book_3: 0.0036 | Sitting: P0:sitting, P1:sitting
2026-07-15 11:57:20,822 - Pose: 2 persons | Book: no_book: 0.9923, book_1: 0.0020, book_2: 0.0015, book_3: 0.0041 | Sitting: P0:sitting, P1:sitting
2026-07-15 11:57:21,825 - Pose: 2 persons | Book: no_book: 0.9951, book_1: 0.0013, book_2: 0.0009, book_3: 0.0027 | Sitting: P0:sitting, P1:sitting
2026-07-15 11:57:22,865 - Pose: 2 persons | Book: no_book: 0.9939, book_1: 0.0017, book_2: 0.0013, book_3: 0.0030 | Sitting: P0:sitting, P1:sitting
2026-07-15 11:57:23,925 - Pose: 2 persons | Book: no_book: 0.9945, book_1: 0.0013, book_2: 0.0009, book_3: 0.0033 | Sitting: P0:sitting, P1:sitting
2026-07-15 11:57:24,925 - Pose: 1 persons | Book: no_book: 0.9941, book_1: 0.0013, book_2: 0.0010, book_3: 0.0035 | Sitting: P0:sitting
2026-07-15 11:57:25,955 - Pose: 1 persons | Book: no_book: 0.9922, book_1: 0.0021, book_2: 0.0016, book_3: 0.0041 | Sitting: P0:not_sitting
2026-07-15 11:57:26,955 - Pose: 1 persons | Book: no_book: 0.9944, book_1: 0.0013, book_2: 0.0010, book_3: 0.0033 | Sitting: P0:not_sitting
2026-07-15 11:57:27,977 - Pose: 1 persons | Book: no_book: 0.9942, book_1: 0.0014, book_2: 0.0010, book_3: 0.0034 | Sitting: P0:not_sitting
2026-07-15 11:57:28,989 - Pose: 2 persons | Book: no_book: 0.9931, book_1: 0.0016, book_2: 0.0014, book_3: 0.0038 | Sitting: P0:not_sitting, P1:sitting
2026-07-15 11:57:30,021 - Pose: 1 persons | Book: no_book: 0.9935, book_1: 0.0016, book_2: 0.0013, book_3: 0.0036 | Sitting: P0:not_sitting
2026-07-15 11:57:31,032 - Pose: 3 persons | Book: no_book: 0.9922, book_1: 0.0023, book_2: 0.0016, book_3: 0.0040 | Sitting: P0:not_sitting, P1:sitting, P2:sitting
2026-07-15 11:57:32,041 - Pose: 2 persons | Book: no_book: 0.9930, book_1: 0.0018, book_2: 0.0015, book_3: 0.0037 | Sitting: P0:not_sitting, P1:sitting
2026-07-15 11:57:33,055 - Pose: 2 persons | Book: no_book: 0.9963, book_1: 0.0009, book_2: 0.0007, book_3: 0.0020 | Sitting: P0:not_sitting, P1:sitting
2026-07-15 11:57:34,091 - Pose: 3 persons | Book: no_book: 0.9899, book_1: 0.0028, book_2: 0.0024, book_3: 0.0049 | Sitting: P0:not_sitting, P1:sitting, P2:sitting
2026-07-15 11:57:35,122 - Pose: 2 persons | Book: no_book: 0.9915, book_1: 0.0023, book_2: 0.0018, book_3: 0.0044 | Sitting: P0:not_sitting, P1:sitting
2026-07-15 11:57:36,130 - Pose: 2 persons | Book: no_book: 0.9938, book_1: 0.0016, book_2: 0.0012, book_3: 0.0033 | Sitting: P0:not_sitting, P1:sitting
2026-07-15 11:57:37,122 - Pose: 2 persons | Book: no_book: 0.9928, book_1: 0.0019, book_2: 0.0014, book_3: 0.0038 | Sitting: P0:not_sitting, P1:sitting
2026-07-15 11:57:38,159 - Pose: 2 persons | Book: no_book: 0.9927, book_1: 0.0019, book_2: 0.0015, book_3: 0.0039 | Sitting: P0:not_sitting, P1:sitting
2026-07-15 11:57:39,185 - Pose: 1 persons | Book: no_book: 0.9963, book_1: 0.0008, book_2: 0.0007, book_3: 0.0021 | Sitting: P0:not_sitting
2026-07-15 11:57:40,190 - Pose: 2 persons | Book: no_book: 0.9913, book_1: 0.0024, book_2: 0.0018, book_3: 0.0045 | Sitting: P0:not_sitting, P1:sitting
2026-07-15 11:57:41,223 - Pose: 2 persons | Book: no_book: 0.9949, book_1: 0.0012, book_2: 0.0009, book_3: 0.0030 | Sitting: P0:not_sitting, P1:sitting
2026-07-15 11:57:42,222 - Pose: 2 persons | Book: no_book: 0.9944, book_1: 0.0016, book_2: 0.0010, book_3: 0.0030 | Sitting: P0:not_sitting, P1:sitting
2026-07-15 11:57:43,253 - Pose: 1 persons | Book: no_book: 0.9931, book_1: 0.0017, book_2: 0.0015, book_3: 0.0038 | Sitting: P0:not_sitting
2026-07-15 11:57:44,285 - Pose: 2 persons | Book: no_book: 0.9929, book_1: 0.0020, book_2: 0.0015, book_3: 0.0036 | Sitting: P0:not_sitting, P1:sitting
2026-07-15 11:57:45,293 - Pose: 2 persons | Book: no_book: 0.9943, book_1: 0.0014, book_2: 0.0010, book_3: 0.0033 | Sitting: P0:not_sitting, P1:sitting
2026-07-15 11:57:46,318 - Pose: 1 persons | Book: no_book: 0.9900, book_1: 0.0024, book_2: 0.0021, book_3: 0.0056 | Sitting: P0:not_sitting
2026-07-15 11:57:47,339 - Pose: 1 persons | Book: no_book: 0.9934, book_1: 0.0017, book_2: 0.0013, book_3: 0.0036 | Sitting: P0:not_sitting
2026-07-15 11:57:48,354 - Pose: 1 persons | Book: no_book: 0.9898, book_1: 0.0029, book_2: 0.0022, book_3: 0.0050 | Sitting: P0:not_sitting
2026-07-15 11:57:49,359 - Pose: 1 persons | Book: no_book: 0.9942, book_1: 0.0014, book_2: 0.0012, book_3: 0.0032 | Sitting: P0:not_sitting
2026-07-15 11:57:50,386 - Pose: 1 persons | Book: no_book: 0.9946, book_1: 0.0015, book_2: 0.0010, book_3: 0.0029 | Sitting: P0:not_sitting
2026-07-15 11:57:51,388 - Pose: 1 persons | Book: no_book: 0.9940, book_1: 0.0015, book_2: 0.0011, book_3: 0.0034 | Sitting: P0:not_sitting
2026-07-15 11:57:52,414 - Pose: 1 persons | Book: no_book: 0.9934, book_1: 0.0018, book_2: 0.0013, book_3: 0.0034 | Sitting: P0:not_sitting
2026-07-15 11:57:53,429 - Pose: 1 persons | Book: no_book: 0.9965, book_1: 0.0007, book_2: 0.0006, book_3: 0.0022 | Sitting: P0:not_sitting
2026-07-15 11:57:54,454 - Pose: 1 persons | Book: no_book: 0.9885, book_1: 0.0031, book_2: 0.0025, book_3: 0.0058 | Sitting: P0:not_sitting
2026-07-15 11:57:55,455 - Pose: 1 persons | Book: no_book: 0.9912, book_1: 0.0022, book_2: 0.0017, book_3: 0.0049 | Sitting: P0:not_sitting
2026-07-15 11:57:56,504 - Pose: 1 persons | Book: no_book: 0.9927, book_1: 0.0021, book_2: 0.0013, book_3: 0.0039 | Sitting: P0:not_sitting
2026-07-15 11:57:57,535 - Pose: 1 persons | Book: no_book: 0.9970, book_1: 0.0008, book_2: 0.0005, book_3: 0.0017 | Sitting: P0:not_sitting
2026-07-15 11:57:58,532 - Pose: 1 persons | Book: no_book: 0.9927, book_1: 0.0020, book_2: 0.0014, book_3: 0.0038 | Sitting: P0:not_sitting
2026-07-15 11:57:59,533 - Pose: 1 persons | Book: no_book: 0.9939, book_1: 0.0015, book_2: 0.0011, book_3: 0.0035 | Sitting: P0:not_sitting
2026-07-15 11:58:00,564 - Pose: 1 persons | Book: no_book: 0.9944, book_1: 0.0014, book_2: 0.0010, book_3: 0.0032 | Sitting: P0:not_sitting
2026-07-15 11:58:01,596 - Pose: 1 persons | Book: no_book: 0.9908, book_1: 0.0022, book_2: 0.0019, book_3: 0.0051 | Sitting: P0:not_sitting
2026-07-15 11:58:02,587 - Pose: 1 persons | Book: no_book: 0.9907, book_1: 0.0023, book_2: 0.0019, book_3: 0.0051 | Sitting: P0:not_sitting
2026-07-15 11:58:03,617 - Pose: 1 persons | Book: no_book: 0.9935, book_1: 0.0015, book_2: 0.0013, book_3: 0.0037 | Sitting: P0:not_sitting
2026-07-15 11:58:04,636 - Pose: 1 persons | Book: no_book: 0.9893, book_1: 0.0029, book_2: 0.0023, book_3: 0.0055 | Sitting: P0:not_sitting
2026-07-15 11:58:05,656 - Pose: 1 persons | Book: no_book: 0.9955, book_1: 0.0010, book_2: 0.0008, book_3: 0.0027 | Sitting: P0:not_sitting
2026-07-15 11:58:06,664 - Pose: 1 persons | Book: no_book: 0.9949, book_1: 0.0012, book_2: 0.0009, book_3: 0.0030 | Sitting: P0:not_sitting
2026-07-15 11:58:07,694 - Pose: 1 persons | Book: no_book: 0.9934, book_1: 0.0019, book_2: 0.0012, book_3: 0.0035 | Sitting: P0:not_sitting
2026-07-15 11:58:08,722 - Pose: 1 persons | Book: no_book: 0.9921, book_1: 0.0021, book_2: 0.0014, book_3: 0.0044 | Sitting: P0:not_sitting
2026-07-15 11:58:09,733 - Pose: 1 persons | Book: no_book: 0.9934, book_1: 0.0016, book_2: 0.0012, book_3: 0.0038 | Sitting: P0:not_sitting
2026-07-15 11:58:10,755 - Pose: 1 persons | Book: no_book: 0.9955, book_1: 0.0012, book_2: 0.0008, book_3: 0.0024 | Sitting: P0:sitting
