2026-07-15 11:18:25,702 - ============================================================
2026-07-15 11:18:25,702 - Barkley Tracker 啟動
2026-07-15 11:18:25,702 - Log 檔案：logs\barkley_20260715_111825.log
2026-07-15 11:18:25,702 - ============================================================
2026-07-15 11:18:35,387 - YOLO pose 模型：成功載入 OpenVINO 格式（優先使用 GPU，由環境變數控制）
2026-07-15 11:18:35,479 - 書籍分類 - OpenVINO 可用裝置: ['CPU', 'GPU']
2026-07-15 11:18:35,487 - 書籍分類 - 設定裝置: CPU
2026-07-15 11:18:35,562 - 書籍分類模型：✓ CPU 編譯成功，使用 CPU
2026-07-15 11:18:35,982 - YOLO - OpenVINO 可用裝置: ['CPU', 'GPU']
2026-07-15 11:18:35,982 - YOLO - 設定裝置: CPU
2026-07-15 11:18:36,588 - YOLO - ✓ CPU 編譯成功，推論使用 CPU
2026-07-15 11:18:38,991 - Pose: 0 persons | Book: no_book: 0.9869, book_1: 0.0044, book_2: 0.0036, book_3: 0.0050 | Sitting: N/A
2026-07-15 11:18:42,613 - Pose: 0 persons | Book: no_book: 0.9886, book_1: 0.0033, book_2: 0.0024, book_3: 0.0057 | Sitting: N/A
2026-07-15 11:18:44,701 - Pose: 0 persons | Book: no_book: 0.9934, book_1: 0.0020, book_2: 0.0015, book_3: 0.0031 | Sitting: N/A
2026-07-15 11:18:46,921 - Pose: 0 persons | Book: no_book: 0.9915, book_1: 0.0021, book_2: 0.0018, book_3: 0.0046 | Sitting: N/A
2026-07-15 11:18:49,073 - Pose: 0 persons | Book: no_book: 0.9943, book_1: 0.0014, book_2: 0.0011, book_3: 0.0033 | Sitting: N/A
2026-07-15 11:18:51,185 - Pose: 0 persons | Book: no_book: 0.9915, book_1: 0.0023, book_2: 0.0016, book_3: 0.0046 | Sitting: N/A
2026-07-15 11:18:53,406 - Pose: 0 persons | Book: no_book: 0.9922, book_1: 0.0020, book_2: 0.0018, book_3: 0.0040 | Sitting: N/A
2026-07-15 11:18:55,595 - Pose: 0 persons | Book: no_book: 0.9936, book_1: 0.0017, book_2: 0.0014, book_3: 0.0033 | Sitting: N/A
2026-07-15 11:18:57,611 - Pose: 0 persons | Book: no_book: 0.9919, book_1: 0.0022, book_2: 0.0016, book_3: 0.0042 | Sitting: N/A
