2026-07-15 16:36:56,033 - ============================================================
2026-07-15 16:36:56,033 - Barkley Tracker 啟動
2026-07-15 16:36:56,033 - Log 檔案：logs\barkley_20260715_163656.log
2026-07-15 16:36:56,033 - ============================================================
2026-07-15 16:37:03,145 - YOLO pose 模型：成功載入 OpenVINO 格式（優先使用 GPU，由環境變數控制）
2026-07-15 16:37:03,238 - 書籍分類 - OpenVINO 可用裝置: ['CPU', 'GPU']
2026-07-15 16:37:03,244 - 書籍分類 - 設定裝置: CPU
2026-07-15 16:37:03,303 - 書籍分類模型：✓ CPU 編譯成功，使用 CPU
2026-07-15 16:37:03,744 - 幀採樣間隔: 1.0 秒
2026-07-15 16:37:03,744 - YOLO pose ROI 初始位置: (420, 0)
2026-07-15 16:37:03,759 - YOLO - OpenVINO 可用裝置: ['CPU', 'GPU']
2026-07-15 16:37:03,760 - YOLO - 設定裝置: GPU
2026-07-15 16:37:07,691 - YOLO - ✓ GPU.0 編譯成功，推論使用 Intel GPU (Iris Xe)
2026-07-15 16:37:10,208 - Sitting: | Sitting: P0:not_sitting | Smoothed: not_sitting  [P0: 下半身信心度過低]
2026-07-15 16:37:11,451 - Sitting: | Sitting: P0:sitting | Smoothed: sitting
2026-07-15 16:37:12,662 - Sitting: | Sitting: P0:not_sitting | Smoothed: not_sitting  [P0: 下半身信心度過低]
2026-07-15 16:37:13,861 - Sitting: | Sitting: P0:not_sitting | Smoothed: not_sitting  [P0: 下半身信心度過低]
2026-07-15 16:37:14,680 - Sitting: | Sitting: P0:sitting | Smoothed: not_sitting
2026-07-15 16:37:15,037 - Sitting: | Sitting: P0:not_sitting | Smoothed: not_sitting  [P0: 下半身信心度過低]
2026-07-15 16:37:16,047 - Sitting: | Sitting: P0:not_sitting | Smoothed: not_sitting  [P0: 下半身信心度過低]
2026-07-15 16:37:17,057 - Sitting: | Sitting: P0:not_sitting | Smoothed: not_sitting  [P0: 下半身信心度過低]
2026-07-15 16:37:18,076 - Sitting: | Sitting: P0:not_sitting | Smoothed: not_sitting  [P0: 下半身信心度過低]
2026-07-15 16:37:19,092 - Sitting: | Sitting: P0:not_sitting | Smoothed: not_sitting  [P0: 下半身信心度過低]
2026-07-15 16:37:20,101 - Sitting: | Sitting: P0:sitting | Smoothed: not_sitting
2026-07-15 16:37:21,105 - Sitting: | Sitting: P0:sitting | Smoothed: sitting
2026-07-15 16:37:22,132 - Sitting: | Sitting: P0:sitting | Smoothed: sitting
2026-07-15 16:37:23,142 - Sitting: | Sitting: P0:not_sitting | Smoothed: sitting  [P0: 下半身信心度過低]
2026-07-15 16:37:24,162 - Sitting: | Sitting: P0:not_sitting | Smoothed: not_sitting  [P0: 下半身信心度過低]
2026-07-15 16:37:25,169 - Sitting: | Sitting: P0:not_sitting | Smoothed: not_sitting  [P0: 下半身信心度過低]
2026-07-15 16:37:26,193 - Sitting: | Sitting: P0:not_sitting | Smoothed: not_sitting  [P0: 下半身信心度過低]
2026-07-15 16:37:27,199 - Sitting: | Sitting: P0:sitting | Smoothed: not_sitting
2026-07-15 16:37:28,230 - Sitting: | Sitting: P0:sitting | Smoothed: sitting
2026-07-15 16:37:29,237 - Sitting: | Sitting: P0:sitting | Smoothed: sitting
2026-07-15 16:37:30,262 - Sitting: | Sitting: P0:sitting | Smoothed: sitting
2026-07-15 16:37:31,273 - Sitting: | Sitting: P0:sitting | Smoothed: sitting
2026-07-15 16:37:32,299 - Sitting: | Sitting: P0:sitting | Smoothed: sitting
2026-07-15 16:37:33,304 - Sitting: | Sitting: P0:sitting | Smoothed: sitting
2026-07-15 16:37:34,311 - Sitting: | Sitting: P0:sitting | Smoothed: sitting
2026-07-15 16:37:35,338 - Sitting: | Sitting: P0:not_sitting | Smoothed: sitting  [P0: 下半身信心度過低]
2026-07-15 16:37:36,344 - Sitting: | Sitting: P0:not_sitting | Smoothed: not_sitting  [P0: 下半身信心度過低]
2026-07-15 16:37:37,366 - Sitting: | Sitting: P0:not_sitting | Smoothed: not_sitting  [P0: 下半身信心度過低]
2026-07-15 16:37:38,371 - Sitting: | Sitting: P0:not_sitting | Smoothed: not_sitting  [P0: 下半身信心度過低]
2026-07-15 16:37:39,397 - Sitting: | Sitting: P0:not_sitting | Smoothed: not_sitting
2026-07-15 16:37:40,404 - Sitting: | Sitting: P0:not_sitting | Smoothed: not_sitting  [P0: 下半身信心度過低]
2026-07-15 16:37:41,427 - Sitting: | Sitting: P0:not_sitting | Smoothed: not_sitting  [P0: 下半身信心度過低]
2026-07-15 16:37:42,435 - Sitting: | Sitting: P0:not_sitting | Smoothed: not_sitting
2026-07-15 16:37:43,457 - Sitting: | Sitting: P0:not_sitting | Smoothed: not_sitting  [P0: 下半身信心度過低]
2026-07-15 16:37:44,466 - Sitting: | Sitting: P0:not_sitting | Smoothed: not_sitting  [P0: 下半身信心度過低]
2026-07-15 16:37:45,508 - Sitting: | Sitting: P0:not_sitting | Smoothed: not_sitting  [P0: 下半身信心度過低]
2026-07-15 16:37:46,531 - Sitting: | Sitting: P0:not_sitting | Smoothed: not_sitting  [P0: 下半身信心度過低]
2026-07-15 16:37:47,540 - Sitting: | Sitting: P0:not_sitting | Smoothed: not_sitting  [P0: 下半身信心度過低]
2026-07-15 16:37:48,562 - Sitting: | Sitting: P0:not_sitting | Smoothed: not_sitting  [P0: 下半身信心度過低]
2026-07-15 16:37:49,571 - Sitting: | Sitting: P0:not_sitting | Smoothed: not_sitting
2026-07-15 16:37:50,594 - Sitting: | Sitting: P0:not_sitting | Smoothed: not_sitting  [P0: 下半身信心度過低]
2026-07-15 16:37:51,606 - Sitting: | Sitting: P0:not_sitting | Smoothed: not_sitting
2026-07-15 16:37:52,628 - Sitting: | Sitting: P0:not_sitting | Smoothed: not_sitting  [P0: 下半身信心度過低]
2026-07-15 16:37:53,636 - Sitting: | Sitting: P0:not_sitting | Smoothed: not_sitting  [P0: 下半身信心度過低]
2026-07-15 16:37:54,656 - Sitting: | Sitting: P0:not_sitting | Smoothed: not_sitting  [P0: 下半身信心度過低]
2026-07-15 16:37:55,669 - Sitting: | Sitting: P0:not_sitting | Smoothed: not_sitting  [P0: 下半身信心度過低]
2026-07-15 16:37:56,690 - Sitting: | Sitting: P0:sitting | Smoothed: not_sitting
2026-07-15 16:37:57,702 - Sitting: | Sitting: P0:not_sitting | Smoothed: not_sitting  [P0: 下半身信心度過低]
2026-07-15 16:37:58,742 - Sitting: | Sitting: P0:not_sitting | Smoothed: not_sitting  [P0: 下半身信心度過低]
2026-07-15 16:37:59,766 - Sitting: | Sitting: N/A
2026-07-15 16:38:00,766 - Sitting: | Sitting: N/A
2026-07-15 16:38:01,796 - Sitting: | Sitting: N/A
2026-07-15 16:38:02,800 - Sitting: | Sitting: N/A
2026-07-15 16:38:03,823 - Sitting: | Sitting: N/A
2026-07-15 16:38:04,834 - Sitting: | Sitting: N/A
2026-07-15 16:38:05,855 - Sitting: | Sitting: N/A
2026-07-15 16:38:06,868 - Sitting: | Sitting: N/A
2026-07-15 16:38:07,890 - Sitting: | Sitting: N/A
2026-07-15 16:38:08,897 - Sitting: | Sitting: N/A
2026-07-15 16:38:09,942 - Sitting: | Sitting: N/A
2026-07-15 16:38:10,965 - Sitting: | Sitting: N/A
2026-07-15 16:38:11,971 - Sitting: | Sitting: N/A
2026-07-15 16:38:12,995 - Sitting: | Sitting: N/A
2026-07-15 16:38:14,004 - Sitting: | Sitting: N/A
2026-07-15 16:38:15,027 - Sitting: | Sitting: N/A
2026-07-15 16:38:16,036 - Sitting: | Sitting: N/A
2026-07-15 16:38:17,058 - Sitting: | Sitting: N/A
2026-07-15 16:38:18,069 - Sitting: | Sitting: N/A
2026-07-15 16:38:19,089 - Sitting: | Sitting: N/A
2026-07-15 16:38:20,099 - Sitting: | Sitting: N/A
2026-07-15 16:38:21,139 - Sitting: | Sitting: N/A
2026-07-15 16:38:22,160 - Sitting: | Sitting: N/A
2026-07-15 16:38:23,208 - Sitting: | Sitting: N/A
2026-07-15 16:38:24,222 - Sitting: | Sitting: N/A
2026-07-15 16:38:25,233 - Sitting: | Sitting: N/A
2026-07-15 16:38:26,255 - Sitting: | Sitting: N/A
2026-07-15 16:38:27,270 - Sitting: | Sitting: N/A
2026-07-15 16:38:28,290 - Sitting: | Sitting: N/A
2026-07-15 16:38:29,303 - Sitting: | Sitting: N/A
2026-07-15 16:38:30,339 - Sitting: | Sitting: N/A
2026-07-15 16:38:31,366 - Sitting: | Sitting: N/A
2026-07-15 16:38:32,371 - Sitting: | Sitting: N/A
2026-07-15 16:38:33,394 - Sitting: | Sitting: N/A
2026-07-15 16:38:34,402 - Sitting: | Sitting: N/A
2026-07-15 16:38:35,428 - Sitting: | Sitting: N/A
2026-07-15 16:38:36,434 - Sitting: | Sitting: N/A
2026-07-15 16:38:37,465 - Sitting: | Sitting: N/A
2026-07-15 16:38:38,466 - Sitting: | Sitting: N/A
2026-07-15 16:38:39,491 - Sitting: | Sitting: N/A
2026-07-15 16:38:40,507 - Sitting: | Sitting: N/A
2026-07-15 16:38:41,542 - Sitting: | Sitting: N/A
2026-07-15 16:38:42,565 - Sitting: | Sitting: N/A
2026-07-15 16:38:43,572 - Sitting: | Sitting: N/A
2026-07-15 16:38:44,598 - Sitting: | Sitting: N/A
2026-07-15 16:38:45,602 - Sitting: | Sitting: N/A
2026-07-15 16:38:46,630 - Sitting: | Sitting: N/A
2026-07-15 16:38:47,638 - Sitting: | Sitting: N/A
2026-07-15 16:38:48,659 - Sitting: | Sitting: N/A
2026-07-15 16:38:49,667 - Sitting: | Sitting: N/A
2026-07-15 16:38:50,689 - Sitting: | Sitting: P0:not_sitting | Smoothed: not_sitting  [P0: 下半身信心度過低]
2026-07-15 16:38:51,700 - Sitting: | Sitting: P0:not_sitting | Smoothed: not_sitting  [P0: 下半身信心度過低]
2026-07-15 16:38:52,740 - Sitting: | Sitting: P0:not_sitting | Smoothed: not_sitting  [P0: 下半身信心度過低]
2026-07-15 16:38:53,761 - Sitting: | Sitting: P0:not_sitting | Smoothed: not_sitting  [P0: 下半身信心度過低]
2026-07-15 16:38:54,805 - Sitting: | Sitting: P0:not_sitting | Smoothed: not_sitting  [P0: 下半身信心度過低]
2026-07-15 16:38:55,826 - Sitting: | Sitting: P0:not_sitting | Smoothed: not_sitting  [P0: 下半身信心度過低]
2026-07-15 16:38:56,831 - Sitting: | Sitting: P0:not_sitting | Smoothed: not_sitting  [P0: 下半身信心度過低]
2026-07-15 16:38:57,857 - Sitting: | Sitting: P0:not_sitting | Smoothed: not_sitting  [P0: 下半身信心度過低]
2026-07-15 16:38:58,868 - Sitting: | Sitting: P0:not_sitting | Smoothed: not_sitting  [P0: 下半身信心度過低]
2026-07-15 16:38:59,890 - Sitting: | Sitting: P0:not_sitting | Smoothed: not_sitting  [P0: 下半身信心度過低]
2026-07-15 16:39:00,899 - Sitting: | Sitting: P0:not_sitting | Smoothed: not_sitting  [P0: 下半身信心度過低]
2026-07-15 16:39:01,939 - Sitting: | Sitting: P0:not_sitting | Smoothed: not_sitting  [P0: 下半身信心度過低]
2026-07-15 16:39:02,961 - Sitting: | Sitting: P0:not_sitting | Smoothed: not_sitting  [P0: 下半身信心度過低]
2026-07-15 16:39:03,970 - Sitting: | Sitting: P0:not_sitting | Smoothed: not_sitting  [P0: 下半身信心度過低]
2026-07-15 16:39:04,994 - Sitting: | Sitting: P0:not_sitting | Smoothed: not_sitting  [P0: 下半身信心度過低]
2026-07-15 16:39:05,999 - Sitting: | Sitting: P0:not_sitting | Smoothed: not_sitting  [P0: 下半身信心度過低]
2026-07-15 16:39:07,026 - Sitting: | Sitting: P0:not_sitting | Smoothed: not_sitting  [P0: 下半身信心度過低]
2026-07-15 16:39:08,034 - Sitting: | Sitting: P0:not_sitting | Smoothed: not_sitting  [P0: 下半身信心度過低]
2026-07-15 16:39:09,058 - Sitting: | Sitting: P0:not_sitting | Smoothed: not_sitting  [P0: 下半身信心度過低]
2026-07-15 16:39:10,067 - Sitting: | Sitting: P0:not_sitting | Smoothed: not_sitting  [P0: 下半身信心度過低]
2026-07-15 16:39:11,093 - Sitting: | Sitting: P0:not_sitting | Smoothed: not_sitting  [P0: 下半身信心度過低]
2026-07-15 16:39:12,096 - Sitting: | Sitting: P0:not_sitting | Smoothed: not_sitting  [P0: 下半身信心度過低]
2026-07-15 16:39:13,119 - Sitting: | Sitting: P0:not_sitting | Smoothed: not_sitting  [P0: 下半身信心度過低]
2026-07-15 16:39:14,135 - Sitting: | Sitting: P0:sitting | Smoothed: not_sitting
2026-07-15 16:39:15,141 - Sitting: | Sitting: P0:sitting | Smoothed: sitting
2026-07-15 16:39:16,174 - Sitting: | Sitting: P0:not_sitting | Smoothed: sitting  [P0: 下半身信心度過低]
2026-07-15 16:39:17,172 - Sitting: | Sitting: P0:not_sitting | Smoothed: not_sitting  [P0: 下半身信心度過低]
2026-07-15 16:39:18,197 - Sitting: | Sitting: P0:sitting | Smoothed: not_sitting
2026-07-15 16:39:19,206 - Sitting: | Sitting: P0:not_sitting | Smoothed: not_sitting  [P0: 下半身信心度過低]
2026-07-15 16:39:20,229 - Sitting: | Sitting: P0:not_sitting | Smoothed: not_sitting
2026-07-15 16:39:21,236 - Sitting: | Sitting: P0:not_sitting | Smoothed: not_sitting  [P0: 下半身信心度過低]
2026-07-15 16:39:22,262 - Sitting: | Sitting: P0:not_sitting | Smoothed: not_sitting  [P0: 下半身信心度過低]
2026-07-15 16:39:23,271 - Sitting: | Sitting: P0:not_sitting | Smoothed: not_sitting  [P0: 下半身信心度過低]
2026-07-15 16:39:24,292 - Sitting: | Sitting: P0:not_sitting | Smoothed: not_sitting  [P0: 下半身信心度過低]
2026-07-15 16:39:25,299 - Sitting: | Sitting: P0:not_sitting | Smoothed: not_sitting  [P0: 下半身信心度過低]
2026-07-15 16:39:26,344 - Sitting: | Sitting: P0:not_sitting | Smoothed: not_sitting  [P0: 下半身信心度過低]
2026-07-15 16:39:27,367 - Sitting: | Sitting: P0:not_sitting | Smoothed: not_sitting  [P0: 下半身信心度過低]
2026-07-15 16:39:28,370 - Sitting: | Sitting: P0:not_sitting | Smoothed: not_sitting  [P0: 下半身信心度過低]
2026-07-15 16:39:29,397 - Sitting: | Sitting: P0:not_sitting | Smoothed: not_sitting  [P0: 下半身信心度過低]
2026-07-15 16:39:30,402 - Sitting: | Sitting: P0:not_sitting | Smoothed: not_sitting  [P0: 下半身信心度過低]
2026-07-15 16:39:31,427 - Sitting: | Sitting: P0:not_sitting | Smoothed: not_sitting
2026-07-15 16:39:32,432 - Sitting: | Sitting: P0:not_sitting | Smoothed: not_sitting  [P0: 下半身信心度過低]
2026-07-15 16:39:33,459 - Sitting: | Sitting: P0:not_sitting | Smoothed: not_sitting  [P0: 下半身信心度過低]
2026-07-15 16:39:34,467 - Sitting: | Sitting: P0:not_sitting | Smoothed: not_sitting  [P0: 下半身信心度過低]
2026-07-15 16:39:35,493 - Sitting: | Sitting: P0:not_sitting | Smoothed: not_sitting  [P0: 下半身信心度過低]
2026-07-15 16:39:36,500 - Sitting: | Sitting: P0:not_sitting | Smoothed: not_sitting
2026-07-15 16:39:37,522 - Sitting: | Sitting: P0:not_sitting | Smoothed: not_sitting  [P0: 下半身信心度過低]
2026-07-15 16:39:38,532 - Sitting: | Sitting: P0:not_sitting | Smoothed: not_sitting
2026-07-15 16:39:39,576 - Sitting: | Sitting: P0:not_sitting | Smoothed: not_sitting
2026-07-15 16:39:40,595 - Sitting: | Sitting: P0:not_sitting | Smoothed: not_sitting  [P0: 下半身信心度過低]
2026-07-15 16:39:41,642 - Sitting: | Sitting: P0:not_sitting | Smoothed: not_sitting  [P0: 下半身信心度過低]
2026-07-15 16:39:42,659 - Sitting: | Sitting: P0:not_sitting | Smoothed: not_sitting
2026-07-15 16:39:43,669 - Sitting: | Sitting: P0:not_sitting | Smoothed: not_sitting
2026-07-15 16:39:44,696 - Sitting: | Sitting: P0:not_sitting | Smoothed: not_sitting  [P0: 下半身信心度過低]
2026-07-15 16:39:45,700 - Sitting: | Sitting: P0:not_sitting | Smoothed: not_sitting
2026-07-15 16:39:46,724 - Sitting: | Sitting: P0:not_sitting | Smoothed: not_sitting
2026-07-15 16:39:47,735 - Sitting: | Sitting: P0:not_sitting | Smoothed: not_sitting
2026-07-15 16:39:48,774 - Sitting: | Sitting: P0:not_sitting | Smoothed: not_sitting
2026-07-15 16:39:49,795 - Sitting: | Sitting: P0:not_sitting | Smoothed: not_sitting
2026-07-15 16:39:50,804 - Sitting: | Sitting: P0:not_sitting | Smoothed: not_sitting  [P0: 下半身信心度過低]
2026-07-15 16:39:51,824 - Sitting: | Sitting: P0:not_sitting | Smoothed: not_sitting
2026-07-15 16:39:52,835 - Sitting: | Sitting: P0:not_sitting | Smoothed: not_sitting
2026-07-15 16:39:53,857 - Sitting: | Sitting: P0:not_sitting | Smoothed: not_sitting  [P0: 下半身信心度過低]
2026-07-15 16:39:54,864 - Sitting: | Sitting: P0:sitting | Smoothed: not_sitting
2026-07-15 16:39:55,888 - Sitting: | Sitting: P0:sitting | Smoothed: sitting
2026-07-15 16:39:56,896 - Sitting: | Sitting: P0:sitting | Smoothed: sitting
2026-07-15 16:39:57,921 - Sitting: | Sitting: P0:sitting | Smoothed: sitting
2026-07-15 16:39:58,932 - Sitting: | Sitting: P0:sitting | Smoothed: sitting
2026-07-15 16:39:59,961 - Sitting: | Sitting: P0:not_sitting | Smoothed: sitting  [P0: 下半身信心度過低]
2026-07-15 16:40:00,962 - Sitting: | Sitting: P0:not_sitting | Smoothed: not_sitting  [P0: 下半身信心度過低]
2026-07-15 16:40:02,004 - Sitting: | Sitting: P0:not_sitting | Smoothed: not_sitting  [P0: 下半身信心度過低]
2026-07-15 16:40:03,027 - Sitting: | Sitting: P0:not_sitting | Smoothed: not_sitting
2026-07-15 16:40:04,036 - Sitting: | Sitting: P0:not_sitting | Smoothed: not_sitting  [P0: 下半身信心度過低]
2026-07-15 16:40:05,057 - Sitting: | Sitting: P0:not_sitting | Smoothed: not_sitting
2026-07-15 16:40:06,066 - Sitting: | Sitting: P0:not_sitting | Smoothed: not_sitting  [P0: 下半身信心度過低]
2026-07-15 16:40:07,101 - Sitting: | Sitting: P0:sitting | Smoothed: not_sitting
2026-07-15 16:40:08,104 - Sitting: | Sitting: P0:not_sitting | Smoothed: not_sitting
2026-07-15 16:40:09,122 - Sitting: | Sitting: P0:not_sitting | Smoothed: not_sitting  [P0: 下半身信心度過低]
2026-07-15 16:40:10,132 - Sitting: | Sitting: P0:not_sitting | Smoothed: not_sitting
2026-07-15 16:40:11,170 - Sitting: | Sitting: P0:not_sitting | Smoothed: not_sitting  [P0: 下半身信心度過低]
2026-07-15 16:40:12,199 - Sitting: | Sitting: P0:not_sitting | Smoothed: not_sitting  [P0: 下半身信心度過低]
2026-07-15 16:40:13,237 - Sitting: | Sitting: P0:not_sitting | Smoothed: not_sitting  [P0: 下半身信心度過低]
2026-07-15 16:40:14,257 - Sitting: | Sitting: P0:not_sitting | Smoothed: not_sitting  [P0: 下半身信心度過低]
2026-07-15 16:40:15,266 - Sitting: | Sitting: P0:not_sitting | Smoothed: not_sitting  [P0: 下半身信心度過低]
2026-07-15 16:40:16,289 - Sitting: | Sitting: P0:not_sitting | Smoothed: not_sitting  [P0: 下半身信心度過低]
2026-07-15 16:40:17,299 - Sitting: | Sitting: P0:not_sitting | Smoothed: not_sitting
2026-07-15 16:40:18,328 - Sitting: | Sitting: P0:not_sitting | Smoothed: not_sitting
2026-07-15 16:40:19,331 - Sitting: | Sitting: P0:not_sitting | Smoothed: not_sitting  [P0: 下半身信心度過低]
2026-07-15 16:40:20,368 - Sitting: | Sitting: P0:not_sitting | Smoothed: not_sitting  [P0: 下半身信心度過低]
2026-07-15 16:40:21,396 - Sitting: | Sitting: P0:not_sitting | Smoothed: not_sitting
2026-07-15 16:40:22,407 - Sitting: | Sitting: P0:not_sitting | Smoothed: not_sitting
2026-07-15 16:40:23,427 - Sitting: | Sitting: P0:not_sitting | Smoothed: not_sitting  [P0: 下半身信心度過低]
2026-07-15 16:40:24,434 - Sitting: | Sitting: P0:not_sitting | Smoothed: not_sitting  [P0: 下半身信心度過低]
2026-07-15 16:40:25,461 - Sitting: | Sitting: P0:not_sitting | Smoothed: not_sitting  [P0: 下半身信心度過低]
2026-07-15 16:40:26,469 - Sitting: | Sitting: P0:not_sitting | Smoothed: not_sitting  [P0: 下半身信心度過低]
2026-07-15 16:40:27,495 - Sitting: | Sitting: P0:not_sitting | Smoothed: not_sitting
2026-07-15 16:40:28,499 - Sitting: | Sitting: P0:not_sitting | Smoothed: not_sitting
2026-07-15 16:40:29,525 - Sitting: | Sitting: P0:not_sitting | Smoothed: not_sitting
2026-07-15 16:40:30,533 - Sitting: | Sitting: P0:not_sitting | Smoothed: not_sitting
2026-07-15 16:40:31,553 - Sitting: | Sitting: P0:not_sitting | Smoothed: not_sitting
2026-07-15 16:40:32,565 - Sitting: | Sitting: P0:not_sitting | Smoothed: not_sitting
2026-07-15 16:40:33,604 - Sitting: | Sitting: P0:not_sitting | Smoothed: not_sitting
2026-07-15 16:40:34,631 - Sitting: | Sitting: P0:not_sitting | Smoothed: not_sitting
2026-07-15 16:40:35,638 - Sitting: | Sitting: P0:sitting | Smoothed: not_sitting
2026-07-15 16:40:36,661 - Sitting: | Sitting: P0:not_sitting | Smoothed: not_sitting
2026-07-15 16:40:37,669 - Sitting: | Sitting: P0:not_sitting | Smoothed: not_sitting  [P0: 下半身信心度過低]
2026-07-15 16:40:38,693 - Sitting: | Sitting: N/A
2026-07-15 16:40:39,701 - Sitting: | Sitting: P0:not_sitting | Smoothed: not_sitting
2026-07-15 16:40:40,728 - Sitting: | Sitting: P0:not_sitting | Smoothed: not_sitting  [P0: 下半身信心度過低]
2026-07-15 16:40:41,733 - Sitting: | Sitting: N/A
2026-07-15 16:40:42,761 - Sitting: | Sitting: P0:sitting | Smoothed: not_sitting
2026-07-15 16:40:43,764 - Sitting: | Sitting: N/A
2026-07-15 16:40:44,808 - Sitting: | Sitting: N/A
2026-07-15 16:40:45,826 - Sitting: | Sitting: P0:not_sitting | Smoothed: not_sitting
2026-07-15 16:40:46,837 - Sitting: | Sitting: P0:not_sitting | Smoothed: not_sitting
2026-07-15 16:40:47,857 - Sitting: | Sitting: P0:not_sitting | Smoothed: not_sitting
2026-07-15 16:40:48,867 - Sitting: | Sitting: P0:not_sitting | Smoothed: not_sitting
2026-07-15 16:40:49,891 - Sitting: | Sitting: P0:not_sitting | Smoothed: not_sitting
2026-07-15 16:40:50,902 - Sitting: | Sitting: P0:not_sitting | Smoothed: not_sitting  [P0: 下半身信心度過低]
2026-07-15 16:40:51,924 - Sitting: | Sitting: P0:not_sitting | Smoothed: not_sitting  [P0: 下半身信心度過低]
2026-07-15 16:40:52,934 - Sitting: | Sitting: P0:not_sitting | Smoothed: not_sitting  [P0: 下半身信心度過低]
2026-07-15 16:40:53,955 - Sitting: | Sitting: P0:not_sitting | Smoothed: not_sitting
2026-07-15 16:40:54,965 - Sitting: | Sitting: P0:not_sitting | Smoothed: not_sitting  [P0: 下半身信心度過低]
2026-07-15 16:40:55,987 - Sitting: | Sitting: P0:not_sitting | Smoothed: not_sitting
2026-07-15 16:40:56,995 - Sitting: | Sitting: P0:not_sitting | Smoothed: not_sitting  [P0: 下半身信心度過低]
2026-07-15 16:40:58,002 - Sitting: | Sitting: P0:not_sitting | Smoothed: not_sitting  [P0: 下半身信心度過低]
2026-07-15 16:40:59,030 - Sitting: | Sitting: P0:not_sitting | Smoothed: not_sitting  [P0: 下半身信心度過低]
2026-07-15 16:41:00,035 - Sitting: | Sitting: P0:not_sitting | Smoothed: not_sitting
2026-07-15 16:41:01,058 - Sitting: | Sitting: P0:not_sitting | Smoothed: not_sitting  [P0: 下半身信心度過低]
2026-07-15 16:41:02,065 - Sitting: | Sitting: P0:not_sitting | Smoothed: not_sitting  [P0: 下半身信心度過低]
2026-07-15 16:41:03,089 - Sitting: | Sitting: P0:not_sitting | Smoothed: not_sitting  [P0: 下半身信心度過低]
2026-07-15 16:41:04,099 - Sitting: | Sitting: P0:not_sitting | Smoothed: not_sitting  [P0: 下半身信心度過低]
2026-07-15 16:41:05,121 - Sitting: | Sitting: P0:not_sitting | Smoothed: not_sitting  [P0: 下半身信心度過低]
2026-07-15 16:41:06,134 - Sitting: | Sitting: P0:not_sitting | Smoothed: not_sitting  [P0: 下半身信心度過低]
2026-07-15 16:41:07,159 - Sitting: | Sitting: P0:not_sitting | Smoothed: not_sitting  [P0: 下半身信心度過低]
2026-07-15 16:41:08,168 - Sitting: | Sitting: P0:not_sitting | Smoothed: not_sitting  [P0: 下半身信心度過低]
2026-07-15 16:41:09,187 - Sitting: | Sitting: P0:not_sitting | Smoothed: not_sitting  [P0: 下半身信心度過低]
2026-07-15 16:41:10,199 - Sitting: | Sitting: P0:not_sitting | Smoothed: not_sitting  [P0: 下半身信心度過低]
2026-07-15 16:41:11,235 - Sitting: | Sitting: P0:not_sitting | Smoothed: not_sitting  [P0: 下半身信心度過低]
2026-07-15 16:41:12,261 - Sitting: | Sitting: P0:not_sitting | Smoothed: not_sitting  [P0: 下半身信心度過低]
2026-07-15 16:41:13,271 - Sitting: | Sitting: P0:not_sitting | Smoothed: not_sitting  [P0: 下半身信心度過低]
2026-07-15 16:41:14,289 - Sitting: | Sitting: P0:not_sitting | Smoothed: not_sitting  [P0: 下半身信心度過低]
2026-07-15 16:41:15,297 - Sitting: | Sitting: P0:not_sitting | Smoothed: not_sitting  [P0: 下半身信心度過低]
2026-07-15 16:41:16,323 - Sitting: | Sitting: P0:not_sitting | Smoothed: not_sitting  [P0: 下半身信心度過低]
2026-07-15 16:41:17,331 - Sitting: | Sitting: P0:not_sitting | Smoothed: not_sitting
2026-07-15 16:41:18,355 - Sitting: | Sitting: P0:sitting | Smoothed: not_sitting
2026-07-15 16:41:19,364 - Sitting: | Sitting: P0:sitting | Smoothed: sitting
2026-07-15 16:41:20,405 - Sitting: | Sitting: P0:sitting | Smoothed: sitting
2026-07-15 16:41:21,427 - Sitting: | Sitting: P0:not_sitting | Smoothed: sitting  [P0: 下半身信心度過低]
2026-07-15 16:41:22,439 - Sitting: | Sitting: P0:not_sitting | Smoothed: not_sitting  [P0: 下半身信心度過低]
2026-07-15 16:41:23,457 - Sitting: | Sitting: P0:not_sitting | Smoothed: not_sitting  [P0: 下半身信心度過低]
2026-07-15 16:41:24,464 - Sitting: | Sitting: P0:not_sitting | Smoothed: not_sitting  [P0: 下半身信心度過低]
2026-07-15 16:41:25,493 - Sitting: | Sitting: P0:sitting | Smoothed: not_sitting
2026-07-15 16:41:26,505 - Sitting: | Sitting: P0:sitting | Smoothed: sitting
2026-07-15 16:41:27,522 - Sitting: | Sitting: P0:not_sitting | Smoothed: sitting
2026-07-15 16:41:28,534 - Sitting: | Sitting: P0:not_sitting | Smoothed: not_sitting
2026-07-15 16:41:29,561 - Sitting: | Sitting: P0:sitting | Smoothed: not_sitting
2026-07-15 16:41:30,565 - Sitting: | Sitting: P0:sitting | Smoothed: sitting
2026-07-15 16:41:31,588 - Sitting: | Sitting: P0:sitting | Smoothed: sitting
2026-07-15 16:41:32,594 - Sitting: | Sitting: P0:sitting | Smoothed: sitting
2026-07-15 16:41:33,641 - Sitting: | Sitting: P0:sitting | Smoothed: sitting
2026-07-15 16:41:34,670 - Sitting: | Sitting: P0:sitting | Smoothed: sitting
2026-07-15 16:41:35,667 - Sitting: | Sitting: P0:not_sitting | Smoothed: sitting
2026-07-15 16:41:36,700 - Sitting: | Sitting: P0:sitting | Smoothed: sitting
2026-07-15 16:41:37,702 - Sitting: | Sitting: P0:sitting | Smoothed: sitting
2026-07-15 16:41:38,723 - Sitting: | Sitting: P0:not_sitting | Smoothed: sitting
2026-07-15 16:41:39,734 - Sitting: | Sitting: P0:not_sitting | Smoothed: not_sitting
2026-07-15 16:41:40,754 - Sitting: | Sitting: P0:not_sitting | Smoothed: not_sitting  [P0: 下半身信心度過低]
2026-07-15 16:41:41,766 - Sitting: | Sitting: P0:sitting | Smoothed: not_sitting
2026-07-15 16:41:42,783 - Sitting: | Sitting: P0:sitting | Smoothed: sitting
2026-07-15 16:41:43,799 - Sitting: | Sitting: P0:sitting | Smoothed: sitting
2026-07-15 16:41:44,837 - Sitting: | Sitting: P0:not_sitting | Smoothed: sitting  [P0: 下半身信心度過低]
2026-07-15 16:41:45,856 - Sitting: | Sitting: P0:sitting | Smoothed: sitting
2026-07-15 16:41:46,867 - Sitting: | Sitting: P0:not_sitting | Smoothed: not_sitting  [P0: 下半身信心度過低]
2026-07-15 16:41:47,888 - Sitting: | Sitting: P0:not_sitting | Smoothed: not_sitting  [P0: 下半身信心度過低]
2026-07-15 16:41:48,898 - Sitting: | Sitting: P0:sitting | Smoothed: not_sitting
2026-07-15 16:41:49,920 - Sitting: | Sitting: P0:not_sitting | Smoothed: not_sitting  [P0: 下半身信心度過低]
2026-07-15 16:41:50,930 - Sitting: | Sitting: P0:not_sitting | Smoothed: not_sitting
2026-07-15 16:41:51,953 - Sitting: | Sitting: P0:sitting | Smoothed: not_sitting
2026-07-15 16:41:52,962 - Sitting: | Sitting: P0:not_sitting | Smoothed: not_sitting
2026-07-15 16:41:53,984 - Sitting: | Sitting: P0:not_sitting | Smoothed: not_sitting
2026-07-15 16:41:54,993 - Sitting: | Sitting: P0:sitting | Smoothed: not_sitting
2026-07-15 16:41:56,039 - Sitting: | Sitting: P0:not_sitting | Smoothed: not_sitting  [P0: 下半身信心度過低]
2026-07-15 16:41:57,058 - Sitting: | Sitting: P0:not_sitting | Smoothed: not_sitting  [P0: 下半身信心度過低]
2026-07-15 16:41:58,066 - Sitting: | Sitting: P0:not_sitting | Smoothed: not_sitting  [P0: 下半身信心度過低]
2026-07-15 16:41:59,092 - Sitting: | Sitting: P0:not_sitting | Smoothed: not_sitting  [P0: 下半身信心度過低]
2026-07-15 16:42:00,098 - Sitting: | Sitting: P0:not_sitting | Smoothed: not_sitting  [P0: 下半身信心度過低]
2026-07-15 16:42:01,129 - Sitting: | Sitting: P0:not_sitting | Smoothed: not_sitting
2026-07-15 16:42:02,130 - Sitting: | Sitting: P0:not_sitting | Smoothed: not_sitting  [P0: 下半身信心度過低]
2026-07-15 16:42:03,153 - Sitting: | Sitting: P0:not_sitting | Smoothed: not_sitting  [P0: 下半身信心度過低]
2026-07-15 16:42:04,162 - Sitting: | Sitting: P0:not_sitting | Smoothed: not_sitting  [P0: 下半身信心度過低]
2026-07-15 16:42:05,184 - Sitting: | Sitting: P0:not_sitting | Smoothed: not_sitting  [P0: 下半身信心度過低]
2026-07-15 16:42:06,196 - Sitting: | Sitting: P0:not_sitting | Smoothed: not_sitting  [P0: 下半身信心度過低]
2026-07-15 16:42:07,237 - Sitting: | Sitting: P0:not_sitting | Smoothed: not_sitting  [P0: 下半身信心度過低]
2026-07-15 16:42:08,261 - Sitting: | Sitting: P0:not_sitting | Smoothed: not_sitting  [P0: 下半身信心度過低]
2026-07-15 16:42:09,269 - Sitting: | Sitting: P0:sitting | Smoothed: not_sitting
2026-07-15 16:42:10,289 - Sitting: | Sitting: P0:not_sitting | Smoothed: not_sitting
2026-07-15 16:42:11,301 - Sitting: | Sitting: P0:sitting | Smoothed: sitting
2026-07-15 16:42:12,323 - Sitting: | Sitting: P0:not_sitting | Smoothed: not_sitting
2026-07-15 16:42:13,342 - Sitting: | Sitting: P0:not_sitting | Smoothed: not_sitting
2026-07-15 16:42:14,359 - Sitting: | Sitting: P0:not_sitting | Smoothed: not_sitting
2026-07-15 16:42:15,361 - Sitting: | Sitting: P0:not_sitting | Smoothed: not_sitting
2026-07-15 16:42:16,389 - Sitting: | Sitting: P0:not_sitting | Smoothed: not_sitting
2026-07-15 16:42:17,394 - Sitting: | Sitting: P0:not_sitting | Smoothed: not_sitting  [P0: 下半身信心度過低]
2026-07-15 16:42:18,439 - Sitting: | Sitting: P0:not_sitting | Smoothed: not_sitting
2026-07-15 16:42:19,460 - Sitting: | Sitting: P0:not_sitting | Smoothed: not_sitting  [P0: 下半身信心度過低]
2026-07-15 16:42:20,469 - Sitting: | Sitting: P0:not_sitting | Smoothed: not_sitting  [P0: 下半身信心度過低]
2026-07-15 16:42:21,529 - Sitting: | Sitting: P0:not_sitting | Smoothed: not_sitting  [P0: 下半身信心度過低]
2026-07-15 16:42:22,532 - Sitting: | Sitting: P0:not_sitting | Smoothed: not_sitting
2026-07-15 16:42:23,555 - Sitting: | Sitting: P0:not_sitting | Smoothed: not_sitting
2026-07-15 16:42:24,561 - Sitting: | Sitting: P0:not_sitting | Smoothed: not_sitting  [P0: 下半身信心度過低]
2026-07-15 16:42:25,590 - Sitting: | Sitting: P0:not_sitting | Smoothed: not_sitting  [P0: 下半身信心度過低]
2026-07-15 16:42:26,596 - Sitting: | Sitting: P0:not_sitting | Smoothed: not_sitting
2026-07-15 16:42:27,639 - Sitting: | Sitting: P0:not_sitting | Smoothed: not_sitting
2026-07-15 16:42:28,662 - Sitting: | Sitting: P0:not_sitting | Smoothed: not_sitting
2026-07-15 16:42:29,666 - Sitting: | Sitting: P0:sitting | Smoothed: not_sitting
2026-07-15 16:42:30,693 - Sitting: | Sitting: P0:sitting | Smoothed: sitting
2026-07-15 16:42:31,701 - Sitting: | Sitting: P0:not_sitting | Smoothed: sitting
2026-07-15 16:42:32,725 - Sitting: | Sitting: P0:not_sitting | Smoothed: not_sitting
2026-07-15 16:42:33,729 - Sitting: | Sitting: P0:sitting | Smoothed: not_sitting
2026-07-15 16:42:34,735 - Sitting: | Sitting: P0:sitting | Smoothed: sitting
2026-07-15 16:42:35,761 - Sitting: | Sitting: P0:not_sitting | Smoothed: sitting
2026-07-15 16:42:36,784 - Sitting: | Sitting: P0:not_sitting | Smoothed: not_sitting
2026-07-15 16:42:37,792 - Sitting: | Sitting: P0:not_sitting | Smoothed: not_sitting
2026-07-15 16:42:38,836 - Sitting: | Sitting: P0:not_sitting | Smoothed: not_sitting  [P0: 下半身信心度過低]
2026-07-15 16:42:39,863 - Sitting: | Sitting: P0:sitting | Smoothed: not_sitting
2026-07-15 16:42:40,868 - Sitting: | Sitting: P0:sitting | Smoothed: sitting
2026-07-15 16:42:41,892 - Sitting: | Sitting: P0:sitting | Smoothed: sitting
2026-07-15 16:42:42,899 - Sitting: | Sitting: P0:sitting | Smoothed: sitting
2026-07-15 16:42:43,924 - Sitting: | Sitting: P0:sitting | Smoothed: sitting
2026-07-15 16:42:44,936 - Sitting: | Sitting: P0:sitting | Smoothed: sitting
2026-07-15 16:42:45,957 - Sitting: | Sitting: P0:sitting | Smoothed: sitting
2026-07-15 16:42:46,963 - Sitting: | Sitting: P0:sitting | Smoothed: sitting
2026-07-15 16:42:47,987 - Sitting: | Sitting: P0:sitting | Smoothed: sitting
2026-07-15 16:42:48,993 - Sitting: | Sitting: P0:not_sitting | Smoothed: sitting
2026-07-15 16:42:50,018 - Sitting: | Sitting: P0:sitting | Smoothed: sitting
2026-07-15 16:42:51,027 - Sitting: | Sitting: P0:not_sitting | Smoothed: not_sitting  [P0: 下半身信心度過低]
2026-07-15 16:42:52,066 - Sitting: | Sitting: P0:sitting | Smoothed: sitting
2026-07-15 16:42:53,093 - Sitting: | Sitting: P0:not_sitting | Smoothed: not_sitting  [P0: 下半身信心度過低]
2026-07-15 16:42:54,099 - Sitting: | Sitting: P0:sitting | Smoothed: sitting
2026-07-15 16:42:55,122 - Sitting: | Sitting: P0:not_sitting | Smoothed: not_sitting
2026-07-15 16:42:56,132 - Sitting: | Sitting: P0:not_sitting | Smoothed: not_sitting
2026-07-15 16:42:57,157 - Sitting: | Sitting: P0:not_sitting | Smoothed: not_sitting
2026-07-15 16:42:58,164 - Sitting: | Sitting: P0:sitting | Smoothed: not_sitting
2026-07-15 16:42:59,186 - Sitting: | Sitting: P0:sitting | Smoothed: sitting
2026-07-15 16:43:00,231 - Sitting: | Sitting: P0:sitting | Smoothed: sitting
2026-07-15 16:43:01,221 - Sitting: | Sitting: P0:sitting | Smoothed: sitting
2026-07-15 16:43:02,249 - Sitting: | Sitting: P0:sitting | Smoothed: sitting
2026-07-15 16:43:03,275 - Sitting: | Sitting: P0:sitting | Smoothed: sitting
2026-07-15 16:43:04,279 - Sitting: | Sitting: P0:sitting | Smoothed: sitting
2026-07-15 16:43:05,288 - Sitting: | Sitting: P0:sitting | Smoothed: sitting
2026-07-15 16:43:06,310 - Sitting: | Sitting: P0:sitting | Smoothed: sitting
2026-07-15 16:43:07,322 - Sitting: | Sitting: P0:sitting | Smoothed: sitting
2026-07-15 16:43:08,339 - Sitting: | Sitting: P0:sitting | Smoothed: sitting
2026-07-15 16:43:09,362 - Sitting: | Sitting: P0:sitting | Smoothed: sitting
