2026-07-15 11:06:37,856 - ============================================================
2026-07-15 11:06:37,856 - Barkley Tracker 啟動
2026-07-15 11:06:37,856 - Log 檔案：logs\barkley_20260715_110637.log
2026-07-15 11:06:37,856 - ============================================================
2026-07-15 11:06:46,274 - YOLO pose 模型：成功載入 OpenVINO 格式
2026-07-15 11:06:46,371 - 書籍分類 - OpenVINO 可用裝置: ['CPU', 'GPU']
2026-07-15 11:06:49,068 - 書籍分類模型：✓ GPU.0 編譯成功，使用 Intel GPU (Iris Xe)
2026-07-15 11:06:49,488 - YOLO - OpenVINO 可用裝置: ['CPU', 'GPU']
2026-07-15 11:06:49,488 - YOLO - GPU.0 編譯失敗: Exception from src\inference\src\cpp\core.cpp:95:
Check 'util::directory_exists(path) || util::file_exists(path)' failed at src\frontends\common\src\frontend.cpp:117:
FrontEnd API failed with GeneralFailure:
ir: Could not open the file: "yolo11x-pose_openvino_model/openvino.xml"

，推論改用 CPU
2026-07-15 11:07:00,257 - Pose: 0 persons | Book: no_book: 0.9971, book_1: 0.0012, book_2: 0.0007, book_3: 0.0011 | Sitting: N/A
2026-07-15 11:07:03,305 - Pose: 0 persons | Book: no_book: 0.9938, book_1: 0.0016, book_2: 0.0012, book_3: 0.0034 | Sitting: N/A
2026-07-15 11:07:06,366 - Pose: 0 persons | Book: no_book: 0.9929, book_1: 0.0018, book_2: 0.0014, book_3: 0.0038 | Sitting: N/A
2026-07-15 11:07:09,527 - Pose: 0 persons | Book: no_book: 0.9924, book_1: 0.0022, book_2: 0.0015, book_3: 0.0039 | Sitting: N/A
2026-07-15 11:07:12,779 - Pose: 0 persons | Book: no_book: 0.9929, book_1: 0.0019, book_2: 0.0015, book_3: 0.0038 | Sitting: N/A
2026-07-15 11:07:15,812 - Pose: 0 persons | Book: no_book: 0.9939, book_1: 0.0015, book_2: 0.0011, book_3: 0.0035 | Sitting: N/A
2026-07-15 11:07:18,948 - Pose: 0 persons | Book: no_book: 0.9923, book_1: 0.0021, book_2: 0.0016, book_3: 0.0040 | Sitting: N/A
2026-07-15 11:07:22,016 - Pose: 0 persons | Book: no_book: 0.9907, book_1: 0.0026, book_2: 0.0023, book_3: 0.0044 | Sitting: N/A
2026-07-15 11:07:25,246 - Pose: 0 persons | Book: no_book: 0.9889, book_1: 0.0034, book_2: 0.0024, book_3: 0.0053 | Sitting: N/A
2026-07-15 11:07:28,310 - Pose: 0 persons | Book: no_book: 0.9933, book_1: 0.0018, book_2: 0.0013, book_3: 0.0035 | Sitting: N/A
2026-07-15 11:07:31,524 - Pose: 0 persons | Book: no_book: 0.9908, book_1: 0.0027, book_2: 0.0019, book_3: 0.0047 | Sitting: N/A
2026-07-15 11:07:34,672 - Pose: 0 persons | Book: no_book: 0.9917, book_1: 0.0018, book_2: 0.0016, book_3: 0.0050 | Sitting: N/A
2026-07-15 11:07:37,692 - Pose: 0 persons | Book: no_book: 0.9924, book_1: 0.0021, book_2: 0.0014, book_3: 0.0040 | Sitting: N/A
2026-07-15 11:07:40,773 - Pose: 0 persons | Book: no_book: 0.9939, book_1: 0.0015, book_2: 0.0010, book_3: 0.0036 | Sitting: N/A
2026-07-15 11:07:43,817 - Pose: 0 persons | Book: no_book: 0.9912, book_1: 0.0027, book_2: 0.0019, book_3: 0.0042 | Sitting: N/A
2026-07-15 11:07:47,059 - Pose: 0 persons | Book: no_book: 0.9944, book_1: 0.0014, book_2: 0.0009, book_3: 0.0033 | Sitting: N/A
2026-07-15 11:07:50,219 - Pose: 0 persons | Book: no_book: 0.9936, book_1: 0.0018, book_2: 0.0013, book_3: 0.0033 | Sitting: N/A
2026-07-15 11:07:53,290 - Pose: 0 persons | Book: no_book: 0.9922, book_1: 0.0022, book_2: 0.0017, book_3: 0.0038 | Sitting: N/A
2026-07-15 11:07:56,377 - Pose: 0 persons | Book: no_book: 0.9931, book_1: 0.0020, book_2: 0.0014, book_3: 0.0034 | Sitting: N/A
2026-07-15 11:07:59,619 - Pose: 0 persons | Book: no_book: 0.9904, book_1: 0.0027, book_2: 0.0021, book_3: 0.0048 | Sitting: N/A
2026-07-15 11:08:02,765 - Pose: 0 persons | Book: no_book: 0.9948, book_1: 0.0014, book_2: 0.0009, book_3: 0.0028 | Sitting: N/A
2026-07-15 11:08:05,770 - Pose: 0 persons | Book: no_book: 0.9893, book_1: 0.0030, book_2: 0.0026, book_3: 0.0051 | Sitting: N/A
2026-07-15 11:08:08,993 - Pose: 0 persons | Book: no_book: 0.9927, book_1: 0.0021, book_2: 0.0015, book_3: 0.0037 | Sitting: N/A
